<?xml version="1.0" encoding="UTF-8"?>
<coverage generated="1635807753659" clover="3.2.0">
  <project timestamp="1635807753659" name="All files">
    <metrics statements="239" coveredstatements="172" conditionals="143" coveredconditionals="89" methods="74" coveredmethods="53" elements="456" coveredelements="314" complexity="0" loc="239" ncloc="239" packages="4" files="9" classes="9"/>
    <package name="src">
      <metrics statements="5" coveredstatements="5" conditionals="0" coveredconditionals="0" methods="0" coveredmethods="0"/>
      <file name="index.ts" path="/Volumes/Files/javascript/use-form/src/index.ts">
        <metrics statements="5" coveredstatements="5" conditionals="0" coveredconditionals="0" methods="0" coveredmethods="0"/>
        <line num="1" count="1" type="stmt"/>
        <line num="2" count="1" type="stmt"/>
        <line num="3" count="1" type="stmt"/>
        <line num="4" count="1" type="stmt"/>
        <line num="5" count="1" type="stmt"/>
      </file>
    </package>
    <package name="src.core">
      <metrics statements="24" coveredstatements="24" conditionals="1" coveredconditionals="0" methods="12" coveredmethods="12"/>
      <file name="contextForm.ts" path="/Volumes/Files/javascript/use-form/src/core/contextForm.ts">
        <metrics statements="4" coveredstatements="4" conditionals="0" coveredconditionals="0" methods="0" coveredmethods="0"/>
        <line num="1" count="1" type="stmt"/>
        <line num="4" count="1" type="stmt"/>
        <line num="8" count="1" type="stmt"/>
        <line num="10" count="1" type="stmt"/>
      </file>
      <file name="observable.ts" path="/Volumes/Files/javascript/use-form/src/core/observable.ts">
        <metrics statements="20" coveredstatements="20" conditionals="1" coveredconditionals="0" methods="12" coveredmethods="12"/>
        <line num="2" count="1" type="stmt"/>
        <line num="7" count="1" type="stmt"/>
        <line num="8" count="69" type="cond" truecount="0" falsecount="1"/>
        <line num="10" count="69" type="stmt"/>
        <line num="11" count="69" type="stmt"/>
        <line num="14" count="57" type="stmt"/>
        <line num="18" count="33" type="stmt"/>
        <line num="20" count="33" type="stmt"/>
        <line num="21" count="33" type="stmt"/>
        <line num="26" count="16" type="stmt"/>
        <line num="28" count="16" type="stmt"/>
        <line num="32" count="26" type="stmt"/>
        <line num="33" count="26" type="stmt"/>
        <line num="34" count="26" type="stmt"/>
        <line num="38" count="65" type="stmt"/>
        <line num="42" count="4" type="stmt"/>
        <line num="46" count="6" type="stmt"/>
        <line num="50" count="42" type="stmt"/>
        <line num="51" count="42" type="stmt"/>
        <line num="55" count="69" type="stmt"/>
      </file>
    </package>
    <package name="src.hooks">
      <metrics statements="133" coveredstatements="99" conditionals="112" coveredconditionals="80" methods="41" coveredmethods="30"/>
      <file name="useContextForm.ts" path="/Volumes/Files/javascript/use-form/src/hooks/useContextForm.ts">
        <metrics statements="5" coveredstatements="3" conditionals="0" coveredconditionals="0" methods="1" coveredmethods="0"/>
        <line num="1" count="1" type="stmt"/>
        <line num="2" count="1" type="stmt"/>
        <line num="5" count="1" type="stmt"/>
        <line num="6" count="0" type="stmt"/>
        <line num="8" count="0" type="stmt"/>
      </file>
      <file name="useForm.ts" path="/Volumes/Files/javascript/use-form/src/hooks/useForm.ts">
        <metrics statements="106" coveredstatements="90" conditionals="108" coveredconditionals="80" methods="32" coveredmethods="30"/>
        <line num="1" count="1" type="stmt"/>
        <line num="2" count="1" type="stmt"/>
        <line num="11" count="1" type="stmt"/>
        <line num="12" count="1" type="stmt"/>
        <line num="14" count="1" type="stmt"/>
        <line num="17" count="69" type="stmt"/>
        <line num="22" count="69" type="stmt"/>
        <line num="25" count="69" type="stmt"/>
        <line num="29" count="69" type="stmt"/>
        <line num="30" count="69" type="stmt"/>
        <line num="33" count="15" type="cond" truecount="3" falsecount="1"/>
        <line num="34" count="15" type="stmt"/>
        <line num="35" count="15" type="stmt"/>
        <line num="36" count="15" type="cond" truecount="2" falsecount="0"/>
        <line num="40" count="15" type="stmt"/>
        <line num="45" count="15" type="stmt"/>
        <line num="52" count="30" type="cond" truecount="1" falsecount="0"/>
        <line num="53" count="0" type="stmt"/>
        <line num="54" count="0" type="stmt"/>
        <line num="61" count="15" type="cond" truecount="1" falsecount="0"/>
        <line num="67" count="0" type="stmt"/>
        <line num="76" count="32" type="cond" truecount="1" falsecount="1"/>
        <line num="77" count="0" type="stmt"/>
        <line num="83" count="0" type="stmt"/>
        <line num="84" count="0" type="stmt"/>
        <line num="87" count="32" type="stmt"/>
        <line num="88" count="32" type="stmt"/>
        <line num="95" count="69" type="stmt"/>
        <line num="97" count="69" type="stmt"/>
        <line num="98" count="33" type="cond" truecount="5" falsecount="1"/>
        <line num="99" count="30" type="cond" truecount="3" falsecount="1"/>
        <line num="100" count="3" type="cond" truecount="5" falsecount="1"/>
        <line num="101" count="1" type="cond" truecount="3" falsecount="1"/>
        <line num="102" count="2" type="cond" truecount="4" falsecount="1"/>
        <line num="103" count="1" type="cond" truecount="3" falsecount="1"/>
        <line num="105" count="33" type="stmt"/>
        <line num="106" count="33" type="cond" truecount="5" falsecount="1"/>
        <line num="107" count="30" type="cond" truecount="3" falsecount="1"/>
        <line num="108" count="3" type="cond" truecount="5" falsecount="1"/>
        <line num="109" count="1" type="cond" truecount="3" falsecount="1"/>
        <line num="110" count="2" type="cond" truecount="4" falsecount="1"/>
        <line num="111" count="1" type="cond" truecount="3" falsecount="1"/>
        <line num="116" count="69" type="stmt"/>
        <line num="117" count="33" type="stmt"/>
        <line num="118" count="33" type="cond" truecount="1" falsecount="0"/>
        <line num="119" count="32" type="stmt"/>
        <line num="123" count="69" type="stmt"/>
        <line num="129" count="69" type="stmt"/>
        <line num="130" count="33" type="stmt"/>
        <line num="131" count="33" type="stmt"/>
        <line num="135" count="1" type="stmt"/>
        <line num="136" count="1" type="stmt"/>
        <line num="137" count="1" type="stmt"/>
        <line num="138" count="1" type="stmt"/>
        <line num="143" count="5" type="cond" truecount="3" falsecount="1"/>
        <line num="144" count="5" type="stmt"/>
        <line num="145" count="5" type="stmt"/>
        <line num="146" count="5" type="cond" truecount="1" falsecount="0"/>
        <line num="147" count="5" type="stmt"/>
        <line num="153" count="2" type="stmt"/>
        <line num="155" count="2" type="stmt"/>
        <line num="156" count="2" type="cond" truecount="1" falsecount="0"/>
        <line num="157" count="2" type="stmt"/>
        <line num="162" count="0" type="stmt"/>
        <line num="163" count="0" type="cond" truecount="0" falsecount="1"/>
        <line num="164" count="0" type="stmt"/>
        <line num="166" count="0" type="stmt"/>
        <line num="170" count="1" type="stmt"/>
        <line num="171" count="1" type="stmt"/>
        <line num="172" count="1" type="stmt"/>
        <line num="176" count="5" type="cond" truecount="3" falsecount="1"/>
        <line num="177" count="5" type="stmt"/>
        <line num="181" count="2" type="stmt"/>
        <line num="182" count="2" type="stmt"/>
        <line num="186" count="1" type="stmt"/>
        <line num="187" count="1" type="stmt"/>
        <line num="191" count="1" type="stmt"/>
        <line num="195" count="5" type="cond" truecount="3" falsecount="1"/>
        <line num="196" count="5" type="stmt"/>
        <line num="200" count="1" type="stmt"/>
        <line num="204" count="2" type="stmt"/>
        <line num="208" count="1" type="stmt"/>
        <line num="212" count="2" type="stmt"/>
        <line num="214" count="2" type="stmt"/>
        <line num="215" count="2" type="stmt"/>
        <line num="216" count="2" type="stmt"/>
        <line num="220" count="1" type="stmt"/>
        <line num="221" count="1" type="stmt"/>
        <line num="222" count="1" type="stmt"/>
        <line num="226" count="0" type="stmt"/>
        <line num="227" count="0" type="stmt"/>
        <line num="232" count="1" type="stmt"/>
        <line num="233" count="1" type="stmt"/>
        <line num="234" count="1" type="stmt"/>
        <line num="236" count="1" type="stmt"/>
        <line num="239" count="69" type="stmt"/>
        <line num="242" count="69" type="stmt"/>
        <line num="243" count="1" type="stmt"/>
        <line num="244" count="1" type="stmt"/>
        <line num="246" count="2" type="cond" truecount="4" falsecount="1"/>
        <line num="247" count="0" type="stmt"/>
        <line num="249" count="1" type="stmt"/>
        <line num="251" count="0" type="stmt"/>
        <line num="252" count="0" type="stmt"/>
        <line num="258" count="0" type="cond" truecount="0" falsecount="5"/>
        <line num="264" count="69" type="stmt"/>
      </file>
      <file name="useStateCallback.ts" path="/Volumes/Files/javascript/use-form/src/hooks/useStateCallback.ts">
        <metrics statements="6" coveredstatements="2" conditionals="0" coveredconditionals="0" methods="2" coveredmethods="0"/>
        <line num="1" count="1" type="stmt"/>
        <line num="5" count="1" type="stmt"/>
        <line num="9" count="0" type="stmt"/>
        <line num="11" count="0" type="stmt"/>
        <line num="12" count="0" type="stmt"/>
        <line num="15" count="0" type="stmt"/>
      </file>
      <file name="useValidation.ts" path="/Volumes/Files/javascript/use-form/src/hooks/useValidation.ts">
        <metrics statements="16" coveredstatements="4" conditionals="4" coveredconditionals="0" methods="6" coveredmethods="0"/>
        <line num="1" count="1" type="stmt"/>
        <line num="3" count="1" type="stmt"/>
        <line num="4" count="1" type="stmt"/>
        <line num="6" count="1" type="stmt"/>
        <line num="10" count="0" type="stmt"/>
        <line num="12" count="0" type="stmt"/>
        <line num="13" count="0" type="cond" truecount="0" falsecount="4"/>
        <line num="16" count="0" type="stmt"/>
        <line num="19" count="0" type="stmt"/>
        <line num="20" count="0" type="stmt"/>
        <line num="21" count="0" type="stmt"/>
        <line num="23" count="0" type="stmt"/>
        <line num="25" count="0" type="stmt"/>
        <line num="29" count="0" type="stmt"/>
        <line num="30" count="0" type="stmt"/>
        <line num="33" count="0" type="stmt"/>
      </file>
    </package>
    <package name="src.utils">
      <metrics statements="77" coveredstatements="44" conditionals="30" coveredconditionals="9" methods="21" coveredmethods="11"/>
      <file name="dot-prop.ts" path="/Volumes/Files/javascript/use-form/src/utils/dot-prop.ts">
        <metrics statements="52" coveredstatements="25" conditionals="20" coveredconditionals="4" methods="10" coveredmethods="6"/>
        <line num="2" count="130" type="stmt"/>
        <line num="7" count="238" type="stmt"/>
        <line num="11" count="0" type="stmt"/>
        <line num="18" count="2" type="stmt"/>
        <line num="23" count="56" type="stmt"/>
        <line num="25" count="151" type="cond" truecount="0" falsecount="1"/>
        <line num="26" count="151" type="stmt"/>
        <line num="28" count="151" type="cond" truecount="1" falsecount="0"/>
        <line num="29" count="95" type="cond" truecount="0" falsecount="1"/>
        <line num="30" count="0" type="stmt"/>
        <line num="31" count="0" type="stmt"/>
        <line num="33" count="95" type="stmt"/>
        <line num="35" count="95" type="stmt"/>
        <line num="37" count="56" type="stmt"/>
        <line num="40" count="56" type="stmt"/>
        <line num="43" count="2" type="stmt"/>
        <line num="44" count="0" type="stmt"/>
        <line num="47" count="0" type="stmt"/>
        <line num="49" count="0" type="cond" truecount="0" falsecount="1"/>
        <line num="50" count="0" type="cond" truecount="0" falsecount="1"/>
        <line num="51" count="0" type="stmt"/>
        <line num="52" count="0" type="stmt"/>
        <line num="53" count="0" type="stmt"/>
        <line num="54" count="0" type="stmt"/>
        <line num="56" count="0" type="stmt"/>
        <line num="57" count="0" type="cond" truecount="0" falsecount="2"/>
        <line num="61" count="0" type="stmt"/>
        <line num="63" count="0" type="stmt"/>
        <line num="66" count="0" type="stmt"/>
        <line num="69" count="2" type="stmt"/>
        <line num="70" count="74" type="stmt"/>
        <line num="72" count="143" type="cond" truecount="0" falsecount="1"/>
        <line num="73" count="143" type="stmt"/>
        <line num="74" count="143" type="cond" truecount="1" falsecount="0"/>
        <line num="75" count="74" type="cond" truecount="1" falsecount="1"/>
        <line num="76" count="0" type="stmt"/>
        <line num="77" count="74" type="cond" truecount="1" falsecount="0"/>
        <line num="78" count="10" type="stmt"/>
        <line num="80" count="64" type="stmt"/>
        <line num="82" count="69" type="stmt"/>
        <line num="85" count="74" type="stmt"/>
        <line num="88" count="2" type="stmt"/>
        <line num="93" count="0" type="stmt"/>
        <line num="94" count="0" type="cond" truecount="0" falsecount="3"/>
        <line num="95" count="0" type="stmt"/>
        <line num="98" count="0" type="cond" truecount="0" falsecount="1"/>
        <line num="99" count="0" type="cond" truecount="0" falsecount="1"/>
        <line num="100" count="0" type="stmt"/>
        <line num="102" count="0" type="stmt"/>
        <line num="103" count="0" type="stmt"/>
        <line num="106" count="0" type="stmt"/>
        <line num="108" count="0" type="stmt"/>
      </file>
      <file name="index.ts" path="/Volumes/Files/javascript/use-form/src/utils/index.ts">
        <metrics statements="25" coveredstatements="19" conditionals="10" coveredconditionals="5" methods="11" coveredmethods="5"/>
        <line num="2" count="2" type="stmt"/>
        <line num="4" count="2" type="stmt"/>
        <line num="6" count="15" type="stmt"/>
        <line num="8" count="73" type="stmt"/>
        <line num="16" count="71" type="stmt"/>
        <line num="17" count="3" type="stmt"/>
        <line num="19" count="3" type="stmt"/>
        <line num="20" count="3" type="stmt"/>
        <line num="21" count="3" type="cond" truecount="1" falsecount="0"/>
        <line num="24" count="3" type="cond" truecount="2" falsecount="0"/>
        <line num="25" count="3" type="stmt"/>
        <line num="26" count="3" type="stmt"/>
        <line num="28" count="3" type="cond" truecount="1" falsecount="0"/>
        <line num="29" count="1" type="stmt"/>
        <line num="34" count="2" type="stmt"/>
        <line num="35" count="0" type="stmt"/>
        <line num="38" count="2" type="stmt"/>
        <line num="39" count="17" type="cond" truecount="1" falsecount="1"/>
        <line num="40" count="17" type="stmt"/>
        <line num="43" count="2" type="stmt"/>
        <line num="47" count="0" type="cond" truecount="0" falsecount="4"/>
        <line num="50" count="0" type="stmt"/>
        <line num="53" count="0" type="stmt"/>
        <line num="54" count="0" type="stmt"/>
        <line num="55" count="0" type="stmt"/>
      </file>
    </package>
  </project>
</coverage>
