{"/Volumes/Files/javascript/use-form/src/index.ts": {"path":"/Volumes/Files/javascript/use-form/src/index.ts","statementMap":{"0":{"start":{"line":1,"column":0},"end":{"line":1,"column":31}},"1":{"start":{"line":2,"column":0},"end":{"line":2,"column":37}},"2":{"start":{"line":3,"column":0},"end":{"line":3,"column":40}},"3":{"start":{"line":4,"column":0},"end":{"line":4,"column":34}},"4":{"start":{"line":5,"column":0},"end":{"line":5,"column":38}}},"fnMap":{},"branchMap":{},"s":{"0":1,"1":1,"2":1,"3":1,"4":1},"f":{},"b":{}}
,"/Volumes/Files/javascript/use-form/src/core/contextForm.ts": {"path":"/Volumes/Files/javascript/use-form/src/core/contextForm.ts","statementMap":{"0":{"start":{"line":1,"column":0},"end":{"line":1,"column":25}},"1":{"start":{"line":4,"column":13},"end":{"line":6,"column":null}},"2":{"start":{"line":8,"column":13},"end":{"line":8,"column":null}},"3":{"start":{"line":10,"column":13},"end":{"line":10,"column":null}}},"fnMap":{},"branchMap":{},"s":{"0":1,"1":1,"2":1,"3":1},"f":{},"b":{}}
,"/Volumes/Files/javascript/use-form/src/core/observable.ts": {"path":"/Volumes/Files/javascript/use-form/src/core/observable.ts","statementMap":{"0":{"start":{"line":2,"column":0},"end":{"line":2,"column":40}},"1":{"start":{"line":8,"column":3},"end":{"line":8,"column":null}},"2":{"start":{"line":10,"column":15},"end":{"line":10,"column":27}},"3":{"start":{"line":11,"column":37},"end":{"line":11,"column":39}},"4":{"start":{"line":14,"column":6},"end":{"line":14,"column":null}},"5":{"start":{"line":18,"column":6},"end":{"line":18,"column":null}},"6":{"start":{"line":20,"column":6},"end":{"line":22,"column":null}},"7":{"start":{"line":21,"column":9},"end":{"line":21,"column":null}},"8":{"start":{"line":21,"column":47},"end":{"line":21,"column":56}},"9":{"start":{"line":26,"column":6},"end":{"line":26,"column":null}},"10":{"start":{"line":28,"column":6},"end":{"line":28,"column":null}},"11":{"start":{"line":32,"column":24},"end":{"line":32,"column":50}},"12":{"start":{"line":33,"column":6},"end":{"line":33,"column":null}},"13":{"start":{"line":34,"column":6},"end":{"line":34,"column":null}},"14":{"start":{"line":38,"column":6},"end":{"line":38,"column":null}},"15":{"start":{"line":42,"column":6},"end":{"line":42,"column":null}},"16":{"start":{"line":46,"column":6},"end":{"line":46,"column":null}},"17":{"start":{"line":50,"column":6},"end":{"line":52,"column":null}},"18":{"start":{"line":51,"column":9},"end":{"line":51,"column":null}},"19":{"start":{"line":55,"column":3},"end":{"line":63,"column":null}},"20":{"start":{"line":7,"column":0},"end":{"line":7,"column":16}}},"fnMap":{"0":{"name":"createState","decl":{"start":{"line":7,"column":16},"end":{"line":7,"column":27}},"loc":{"start":{"line":8,"column":38},"end":{"line":64,"column":1}}},"1":{"name":"get","decl":{"start":{"line":13,"column":12},"end":{"line":13,"column":15}},"loc":{"start":{"line":13,"column":15},"end":{"line":15,"column":4}}},"2":{"name":"subscribe","decl":{"start":{"line":17,"column":12},"end":{"line":17,"column":21}},"loc":{"start":{"line":17,"column":38},"end":{"line":23,"column":4}}},"3":{"name":"(anonymous_10)","decl":{"start":{"line":20,"column":13},"end":{"line":20,"column":null}},"loc":{"start":{"line":20,"column":13},"end":{"line":22,"column":7}}},"4":{"name":"(anonymous_11)","decl":{"start":{"line":21,"column":42},"end":{"line":21,"column":43}},"loc":{"start":{"line":21,"column":43},"end":{"line":21,"column":48}}},"5":{"name":"set","decl":{"start":{"line":25,"column":12},"end":{"line":25,"column":15}},"loc":{"start":{"line":25,"column":28},"end":{"line":29,"column":4}}},"6":{"name":"patch","decl":{"start":{"line":31,"column":12},"end":{"line":31,"column":17}},"loc":{"start":{"line":31,"column":41},"end":{"line":35,"column":4}}},"7":{"name":"getPropertyValue","decl":{"start":{"line":37,"column":12},"end":{"line":37,"column":28}},"loc":{"start":{"line":37,"column":41},"end":{"line":39,"column":4}}},"8":{"name":"getInitialPropertyValue","decl":{"start":{"line":41,"column":12},"end":{"line":41,"column":35}},"loc":{"start":{"line":41,"column":48},"end":{"line":43,"column":4}}},"9":{"name":"getInitialState","decl":{"start":{"line":45,"column":12},"end":{"line":45,"column":27}},"loc":{"start":{"line":45,"column":27},"end":{"line":47,"column":4}}},"10":{"name":"notify","decl":{"start":{"line":49,"column":12},"end":{"line":49,"column":18}},"loc":{"start":{"line":49,"column":18},"end":{"line":53,"column":4}}},"11":{"name":"(anonymous_18)","decl":{"start":{"line":50,"column":26},"end":{"line":50,"column":28}},"loc":{"start":{"line":50,"column":28},"end":{"line":52,"column":7}}}},"branchMap":{"0":{"loc":{"start":{"line":8,"column":3},"end":{"line":8,"column":null}},"type":"if","locations":[{"start":{"line":8,"column":3},"end":{"line":8,"column":null}}]}},"s":{"0":1,"1":69,"2":69,"3":69,"4":57,"5":33,"6":33,"7":33,"8":33,"9":16,"10":16,"11":26,"12":26,"13":26,"14":65,"15":4,"16":6,"17":42,"18":42,"19":69,"20":1},"f":{"0":69,"1":57,"2":33,"3":33,"4":33,"5":16,"6":26,"7":65,"8":4,"9":6,"10":42,"11":42},"b":{"0":[0]}}
,"/Volumes/Files/javascript/use-form/src/hooks/useContextForm.ts": {"path":"/Volumes/Files/javascript/use-form/src/hooks/useContextForm.ts","statementMap":{"0":{"start":{"line":1,"column":0},"end":{"line":1,"column":25}},"1":{"start":{"line":2,"column":0},"end":{"line":2,"column":49}},"2":{"start":{"line":6,"column":16},"end":{"line":6,"column":50}},"3":{"start":{"line":8,"column":3},"end":{"line":8,"column":null}},"4":{"start":{"line":5,"column":0},"end":{"line":5,"column":16}}},"fnMap":{"0":{"name":"useFormContext","decl":{"start":{"line":5,"column":16},"end":{"line":5,"column":30}},"loc":{"start":{"line":5,"column":30},"end":{"line":9,"column":1}}}},"branchMap":{},"s":{"0":1,"1":1,"2":0,"3":0,"4":1},"f":{"0":0},"b":{}}
,"/Volumes/Files/javascript/use-form/src/hooks/useForm.ts": {"path":"/Volumes/Files/javascript/use-form/src/hooks/useForm.ts","statementMap":{"0":{"start":{"line":1,"column":0},"end":{"line":1,"column":25}},"1":{"start":{"line":2,"column":0},"end":{"line":2,"column":48}},"2":{"start":{"line":11,"column":0},"end":{"line":11,"column":71}},"3":{"start":{"line":12,"column":0},"end":{"line":12,"column":40}},"4":{"start":{"line":17,"column":23},"end":{"line":21,"column":null}},"5":{"start":{"line":22,"column":30},"end":{"line":24,"column":null}},"6":{"start":{"line":25,"column":28},"end":{"line":26,"column":null}},"7":{"start":{"line":25,"column":14},"end":{"line":25,"column":16}},"8":{"start":{"line":25,"column":24},"end":{"line":25,"column":28}},"9":{"start":{"line":29,"column":28},"end":{"line":29,"column":74}},"10":{"start":{"line":30,"column":17},"end":{"line":30,"column":33}},"11":{"start":{"line":33,"column":10},"end":{"line":33,"column":null}},"12":{"start":{"line":34,"column":10},"end":{"line":34,"column":null}},"13":{"start":{"line":35,"column":10},"end":{"line":35,"column":null}},"14":{"start":{"line":36,"column":10},"end":{"line":38,"column":null}},"15":{"start":{"line":40,"column":10},"end":{"line":44,"column":null}},"16":{"start":{"line":45,"column":10},"end":{"line":49,"column":null}},"17":{"start":{"line":52,"column":10},"end":{"line":52,"column":26}},"18":{"start":{"line":53,"column":8},"end":{"line":53,"column":null}},"19":{"start":{"line":54,"column":8},"end":{"line":58,"column":null}},"20":{"start":{"line":61,"column":6},"end":{"line":65,"column":null}},"21":{"start":{"line":67,"column":6},"end":{"line":71,"column":null}},"22":{"start":{"line":76,"column":4},"end":{"line":91,"column":null}},"23":{"start":{"line":77,"column":21},"end":{"line":80,"column":null}},"24":{"start":{"line":83,"column":6},"end":{"line":85,"column":null}},"25":{"start":{"line":83,"column":26},"end":{"line":83,"column":32}},"26":{"start":{"line":83,"column":22},"end":{"line":83,"column":26}},"27":{"start":{"line":84,"column":8},"end":{"line":84,"column":null}},"28":{"start":{"line":87,"column":6},"end":{"line":87,"column":null}},"29":{"start":{"line":88,"column":6},"end":{"line":90,"column":null}},"30":{"start":{"line":95,"column":16},"end":{"line":95,"column":39}},"31":{"start":{"line":97,"column":4},"end":{"line":114,"column":null}},"32":{"start":{"line":98,"column":6},"end":{"line":104,"column":null}},"33":{"start":{"line":99,"column":8},"end":{"line":99,"column":null}},"34":{"start":{"line":99,"column":52},"end":{"line":99,"column":64}},"35":{"start":{"line":100,"column":13},"end":{"line":104,"column":null}},"36":{"start":{"line":101,"column":8},"end":{"line":101,"column":null}},"37":{"start":{"line":101,"column":51},"end":{"line":101,"column":63}},"38":{"start":{"line":102,"column":13},"end":{"line":104,"column":null}},"39":{"start":{"line":103,"column":8},"end":{"line":103,"column":null}},"40":{"start":{"line":103,"column":52},"end":{"line":103,"column":73}},"41":{"start":{"line":105,"column":6},"end":{"line":113,"column":null}},"42":{"start":{"line":106,"column":8},"end":{"line":112,"column":null}},"43":{"start":{"line":107,"column":10},"end":{"line":107,"column":null}},"44":{"start":{"line":108,"column":15},"end":{"line":112,"column":null}},"45":{"start":{"line":109,"column":10},"end":{"line":109,"column":null}},"46":{"start":{"line":110,"column":15},"end":{"line":112,"column":null}},"47":{"start":{"line":111,"column":10},"end":{"line":111,"column":null}},"48":{"start":{"line":116,"column":4},"end":{"line":121,"column":null}},"49":{"start":{"line":117,"column":20},"end":{"line":117,"column":67}},"50":{"start":{"line":118,"column":6},"end":{"line":120,"column":null}},"51":{"start":{"line":119,"column":8},"end":{"line":119,"column":null}},"52":{"start":{"line":123,"column":4},"end":{"line":126,"column":null}},"53":{"start":{"line":129,"column":2},"end":{"line":132,"column":null}},"54":{"start":{"line":130,"column":24},"end":{"line":130,"column":50}},"55":{"start":{"line":131,"column":4},"end":{"line":131,"column":null}},"56":{"start":{"line":131,"column":17},"end":{"line":131,"column":null}},"57":{"start":{"line":135,"column":4},"end":{"line":135,"column":null}},"58":{"start":{"line":136,"column":4},"end":{"line":139,"column":null}},"59":{"start":{"line":137,"column":19},"end":{"line":137,"column":42}},"60":{"start":{"line":138,"column":6},"end":{"line":138,"column":null}},"61":{"start":{"line":143,"column":19},"end":{"line":143,"column":52}},"62":{"start":{"line":144,"column":4},"end":{"line":144,"column":null}},"63":{"start":{"line":145,"column":4},"end":{"line":149,"column":null}},"64":{"start":{"line":146,"column":6},"end":{"line":148,"column":null}},"65":{"start":{"line":147,"column":8},"end":{"line":147,"column":null}},"66":{"start":{"line":153,"column":17},"end":{"line":153,"column":40}},"67":{"start":{"line":155,"column":4},"end":{"line":155,"column":null}},"68":{"start":{"line":156,"column":4},"end":{"line":158,"column":null}},"69":{"start":{"line":157,"column":6},"end":{"line":157,"column":null}},"70":{"start":{"line":162,"column":17},"end":{"line":162,"column":52}},"71":{"start":{"line":163,"column":4},"end":{"line":165,"column":null}},"72":{"start":{"line":164,"column":6},"end":{"line":164,"column":null}},"73":{"start":{"line":166,"column":4},"end":{"line":166,"column":null}},"74":{"start":{"line":170,"column":17},"end":{"line":170,"column":40}},"75":{"start":{"line":171,"column":4},"end":{"line":171,"column":null}},"76":{"start":{"line":172,"column":4},"end":{"line":172,"column":null}},"77":{"start":{"line":176,"column":19},"end":{"line":176,"column":52}},"78":{"start":{"line":177,"column":4},"end":{"line":177,"column":null}},"79":{"start":{"line":181,"column":17},"end":{"line":181,"column":40}},"80":{"start":{"line":182,"column":4},"end":{"line":182,"column":null}},"81":{"start":{"line":186,"column":17},"end":{"line":186,"column":40}},"82":{"start":{"line":187,"column":4},"end":{"line":187,"column":null}},"83":{"start":{"line":191,"column":4},"end":{"line":191,"column":null}},"84":{"start":{"line":195,"column":20},"end":{"line":195,"column":53}},"85":{"start":{"line":196,"column":4},"end":{"line":196,"column":null}},"86":{"start":{"line":200,"column":4},"end":{"line":200,"column":null}},"87":{"start":{"line":204,"column":4},"end":{"line":204,"column":null}},"88":{"start":{"line":208,"column":4},"end":{"line":208,"column":null}},"89":{"start":{"line":212,"column":22},"end":{"line":212,"column":47}},"90":{"start":{"line":214,"column":4},"end":{"line":214,"column":null}},"91":{"start":{"line":215,"column":4},"end":{"line":215,"column":null}},"92":{"start":{"line":216,"column":4},"end":{"line":216,"column":null}},"93":{"start":{"line":220,"column":4},"end":{"line":220,"column":null}},"94":{"start":{"line":221,"column":4},"end":{"line":221,"column":null}},"95":{"start":{"line":222,"column":4},"end":{"line":222,"column":null}},"96":{"start":{"line":226,"column":4},"end":{"line":228,"column":null}},"97":{"start":{"line":227,"column":6},"end":{"line":227,"column":null}},"98":{"start":{"line":232,"column":19},"end":{"line":232,"column":21}},"99":{"start":{"line":233,"column":4},"end":{"line":235,"column":null}},"100":{"start":{"line":234,"column":6},"end":{"line":234,"column":null}},"101":{"start":{"line":236,"column":4},"end":{"line":236,"column":null}},"102":{"start":{"line":239,"column":2},"end":{"line":239,"column":11}},"103":{"start":{"line":242,"column":4},"end":{"line":261,"column":null}},"104":{"start":{"line":242,"column":45},"end":{"line":261,"column":null}},"105":{"start":{"line":243,"column":6},"end":{"line":243,"column":null}},"106":{"start":{"line":244,"column":12},"end":{"line":244,"column":null}},"107":{"start":{"line":246,"column":12},"end":{"line":246,"column":19}},"108":{"start":{"line":247,"column":10},"end":{"line":247,"column":null}},"109":{"start":{"line":249,"column":8},"end":{"line":249,"column":null}},"110":{"start":{"line":251,"column":8},"end":{"line":251,"column":null}},"111":{"start":{"line":252,"column":8},"end":{"line":256,"column":null}},"112":{"start":{"line":258,"column":8},"end":{"line":259,"column":null}},"113":{"start":{"line":264,"column":2},"end":{"line":287,"column":null}},"114":{"start":{"line":14,"column":0},"end":{"line":14,"column":16}}},"fnMap":{"0":{"name":"useForm","decl":{"start":{"line":14,"column":16},"end":{"line":14,"column":23}},"loc":{"start":{"line":15,"column":20},"end":{"line":288,"column":1}}},"1":{"name":"setValue","decl":{"start":{"line":32,"column":17},"end":{"line":32,"column":25}},"loc":{"start":{"line":32,"column":36},"end":{"line":73,"column":null}}},"2":{"name":"setRefValue","decl":{"start":{"line":75,"column":11},"end":{"line":75,"column":22}},"loc":{"start":{"line":75,"column":43},"end":{"line":92,"column":3}}},"3":{"name":"register","decl":{"start":{"line":94,"column":11},"end":{"line":94,"column":19}},"loc":{"start":{"line":94,"column":32},"end":{"line":127,"column":3}}},"4":{"name":"(anonymous_28)","decl":{"start":{"line":97,"column":20},"end":{"line":97,"column":null}},"loc":{"start":{"line":97,"column":20},"end":{"line":114,"column":5}}},"5":{"name":"(anonymous_29)","decl":{"start":{"line":99,"column":47},"end":{"line":99,"column":48}},"loc":{"start":{"line":99,"column":48},"end":{"line":99,"column":60}}},"6":{"name":"(anonymous_30)","decl":{"start":{"line":101,"column":46},"end":{"line":101,"column":47}},"loc":{"start":{"line":101,"column":47},"end":{"line":101,"column":59}}},"7":{"name":"(anonymous_31)","decl":{"start":{"line":103,"column":47},"end":{"line":103,"column":48}},"loc":{"start":{"line":103,"column":48},"end":{"line":103,"column":69}}},"8":{"name":"(anonymous_32)","decl":{"start":{"line":105,"column":13},"end":{"line":105,"column":null}},"loc":{"start":{"line":105,"column":13},"end":{"line":113,"column":7}}},"9":{"name":"(anonymous_33)","decl":{"start":{"line":116,"column":20},"end":{"line":116,"column":null}},"loc":{"start":{"line":116,"column":20},"end":{"line":121,"column":5}}},"10":{"name":"(anonymous_34)","decl":{"start":{"line":129,"column":18},"end":{"line":129,"column":null}},"loc":{"start":{"line":129,"column":18},"end":{"line":132,"column":3}}},"11":{"name":"(anonymous_35)","decl":{"start":{"line":131,"column":11},"end":{"line":131,"column":17}},"loc":{"start":{"line":131,"column":11},"end":{"line":131,"column":28}}},"12":{"name":"resetFieldsValue","decl":{"start":{"line":134,"column":11},"end":{"line":134,"column":27}},"loc":{"start":{"line":134,"column":27},"end":{"line":140,"column":3}}},"13":{"name":"setFieldsValue","decl":{"start":{"line":142,"column":11},"end":{"line":142,"column":25}},"loc":{"start":{"line":142,"column":66},"end":{"line":150,"column":3}}},"14":{"name":"setFieldValue","decl":{"start":{"line":152,"column":11},"end":{"line":152,"column":24}},"loc":{"start":{"line":152,"column":50},"end":{"line":159,"column":3}}},"15":{"name":"handleChange","decl":{"start":{"line":161,"column":11},"end":{"line":161,"column":23}},"loc":{"start":{"line":161,"column":34},"end":{"line":167,"column":3}}},"16":{"name":"resetFieldValue","decl":{"start":{"line":169,"column":11},"end":{"line":169,"column":26}},"loc":{"start":{"line":169,"column":40},"end":{"line":173,"column":3}}},"17":{"name":"setFieldsError","decl":{"start":{"line":175,"column":11},"end":{"line":175,"column":25}},"loc":{"start":{"line":175,"column":66},"end":{"line":178,"column":3}}},"18":{"name":"setFieldError","decl":{"start":{"line":180,"column":11},"end":{"line":180,"column":24}},"loc":{"start":{"line":180,"column":53},"end":{"line":183,"column":3}}},"19":{"name":"resetFieldError","decl":{"start":{"line":185,"column":11},"end":{"line":185,"column":26}},"loc":{"start":{"line":185,"column":40},"end":{"line":188,"column":3}}},"20":{"name":"resetFieldsError","decl":{"start":{"line":190,"column":11},"end":{"line":190,"column":27}},"loc":{"start":{"line":190,"column":27},"end":{"line":192,"column":3}}},"21":{"name":"setFieldsTouched","decl":{"start":{"line":194,"column":11},"end":{"line":194,"column":27}},"loc":{"start":{"line":194,"column":69},"end":{"line":197,"column":3}}},"22":{"name":"resetFieldsTouched","decl":{"start":{"line":199,"column":11},"end":{"line":199,"column":29}},"loc":{"start":{"line":199,"column":29},"end":{"line":201,"column":3}}},"23":{"name":"setFieldTouched","decl":{"start":{"line":203,"column":11},"end":{"line":203,"column":26}},"loc":{"start":{"line":203,"column":40},"end":{"line":205,"column":3}}},"24":{"name":"resetFieldTouched","decl":{"start":{"line":207,"column":11},"end":{"line":207,"column":28}},"loc":{"start":{"line":207,"column":42},"end":{"line":209,"column":3}}},"25":{"name":"setForm","decl":{"start":{"line":211,"column":11},"end":{"line":211,"column":18}},"loc":{"start":{"line":211,"column":49},"end":{"line":217,"column":3}}},"26":{"name":"resetForm","decl":{"start":{"line":219,"column":11},"end":{"line":219,"column":20}},"loc":{"start":{"line":219,"column":20},"end":{"line":223,"column":3}}},"27":{"name":"makeAllTouched","decl":{"start":{"line":225,"column":11},"end":{"line":225,"column":25}},"loc":{"start":{"line":225,"column":25},"end":{"line":229,"column":3}}},"28":{"name":"getFieldsRefValue","decl":{"start":{"line":231,"column":11},"end":{"line":231,"column":28}},"loc":{"start":{"line":231,"column":28},"end":{"line":237,"column":3}}},"29":{"name":"onSubmit","decl":{"start":{"line":239,"column":11},"end":{"line":239,"column":19}},"loc":{"start":{"line":240,"column":69},"end":{"line":262,"column":3}}},"30":{"name":"(anonymous_54)","decl":{"start":{"line":242,"column":11},"end":{"line":242,"column":18}},"loc":{"start":{"line":242,"column":45},"end":{"line":261,"column":null}}},"31":{"name":"(anonymous_55)","decl":{"start":{"line":242,"column":45},"end":{"line":242,"column":null}},"loc":{"start":{"line":242,"column":45},"end":{"line":261,"column":null}}}},"branchMap":{"0":{"loc":{"start":{"line":18,"column":12},"end":{"line":18,"column":34}},"type":"cond-expr","locations":[{"start":{"line":18,"column":19},"end":{"line":18,"column":21}},{"start":{"line":18,"column":12},"end":{"line":18,"column":34}}]},"1":{"loc":{"start":{"line":18,"column":12},"end":{"line":18,"column":21}},"type":"binary-expr","locations":[{"start":{"line":18,"column":12},"end":{"line":18,"column":21}},{"start":{"line":18,"column":12},"end":{"line":18,"column":21}}]},"2":{"loc":{"start":{"line":19,"column":12},"end":{"line":19,"column":34}},"type":"cond-expr","locations":[{"start":{"line":19,"column":19},"end":{"line":19,"column":21}},{"start":{"line":19,"column":12},"end":{"line":19,"column":34}}]},"3":{"loc":{"start":{"line":19,"column":12},"end":{"line":19,"column":21}},"type":"binary-expr","locations":[{"start":{"line":19,"column":12},"end":{"line":19,"column":21}},{"start":{"line":19,"column":12},"end":{"line":19,"column":21}}]},"4":{"loc":{"start":{"line":20,"column":13},"end":{"line":20,"column":36}},"type":"cond-expr","locations":[{"start":{"line":20,"column":20},"end":{"line":20,"column":22}},{"start":{"line":20,"column":13},"end":{"line":20,"column":36}}]},"5":{"loc":{"start":{"line":20,"column":13},"end":{"line":20,"column":22}},"type":"binary-expr","locations":[{"start":{"line":20,"column":13},"end":{"line":20,"column":22}},{"start":{"line":20,"column":13},"end":{"line":20,"column":22}}]},"6":{"loc":{"start":{"line":61,"column":6},"end":{"line":65,"column":null}},"type":"switch","locations":[{"start":{"line":61,"column":6},"end":{"line":65,"column":null}}]},"7":{"loc":{"start":{"line":33,"column":29},"end":{"line":33,"column":54}},"type":"cond-expr","locations":[{"start":{"line":33,"column":36},"end":{"line":33,"column":38}},{"start":{"line":33,"column":29},"end":{"line":33,"column":54}}]},"8":{"loc":{"start":{"line":33,"column":29},"end":{"line":33,"column":38}},"type":"binary-expr","locations":[{"start":{"line":33,"column":29},"end":{"line":33,"column":38}},{"start":{"line":33,"column":29},"end":{"line":33,"column":38}}]},"9":{"loc":{"start":{"line":36,"column":22},"end":{"line":38,"column":36}},"type":"cond-expr","locations":[{"start":{"line":37,"column":8},"end":{"line":37,"column":26}},{"start":{"line":38,"column":8},"end":{"line":38,"column":36}}]},"10":{"loc":{"start":{"line":43,"column":6},"end":{"line":43,"column":61}},"type":"cond-expr","locations":[{"start":{"line":43,"column":38},"end":{"line":43,"column":49}},{"start":{"line":43,"column":52},"end":{"line":43,"column":61}}]},"11":{"loc":{"start":{"line":52,"column":10},"end":{"line":52,"column":26}},"type":"if","locations":[{"start":{"line":52,"column":10},"end":{"line":52,"column":26}}]},"12":{"loc":{"start":{"line":76,"column":4},"end":{"line":91,"column":null}},"type":"if","locations":[{"start":{"line":76,"column":4},"end":{"line":91,"column":null}},{"start":{"line":86,"column":11},"end":{"line":91,"column":null}}]},"13":{"loc":{"start":{"line":98,"column":6},"end":{"line":104,"column":null}},"type":"if","locations":[{"start":{"line":98,"column":6},"end":{"line":104,"column":null}},{"start":{"line":100,"column":13},"end":{"line":104,"column":null}}]},"14":{"loc":{"start":{"line":98,"column":10},"end":{"line":98,"column":23}},"type":"cond-expr","locations":[{"start":{"line":98,"column":17},"end":{"line":98,"column":19}},{"start":{"line":98,"column":10},"end":{"line":98,"column":23}}]},"15":{"loc":{"start":{"line":98,"column":10},"end":{"line":98,"column":19}},"type":"binary-expr","locations":[{"start":{"line":98,"column":10},"end":{"line":98,"column":19}},{"start":{"line":98,"column":10},"end":{"line":98,"column":19}}]},"16":{"loc":{"start":{"line":99,"column":8},"end":{"line":99,"column":64}},"type":"cond-expr","locations":[{"start":{"line":99,"column":19},"end":{"line":99,"column":21}},{"start":{"line":99,"column":19},"end":{"line":99,"column":64}}]},"17":{"loc":{"start":{"line":99,"column":8},"end":{"line":99,"column":21}},"type":"binary-expr","locations":[{"start":{"line":99,"column":8},"end":{"line":99,"column":21}},{"start":{"line":99,"column":19},"end":{"line":99,"column":21}}]},"18":{"loc":{"start":{"line":100,"column":13},"end":{"line":104,"column":null}},"type":"if","locations":[{"start":{"line":100,"column":13},"end":{"line":104,"column":null}},{"start":{"line":102,"column":13},"end":{"line":104,"column":null}}]},"19":{"loc":{"start":{"line":100,"column":17},"end":{"line":100,"column":30}},"type":"cond-expr","locations":[{"start":{"line":100,"column":24},"end":{"line":100,"column":26}},{"start":{"line":100,"column":17},"end":{"line":100,"column":30}}]},"20":{"loc":{"start":{"line":100,"column":17},"end":{"line":100,"column":26}},"type":"binary-expr","locations":[{"start":{"line":100,"column":17},"end":{"line":100,"column":26}},{"start":{"line":100,"column":17},"end":{"line":100,"column":26}}]},"21":{"loc":{"start":{"line":101,"column":8},"end":{"line":101,"column":63}},"type":"cond-expr","locations":[{"start":{"line":101,"column":19},"end":{"line":101,"column":21}},{"start":{"line":101,"column":19},"end":{"line":101,"column":63}}]},"22":{"loc":{"start":{"line":101,"column":8},"end":{"line":101,"column":21}},"type":"binary-expr","locations":[{"start":{"line":101,"column":8},"end":{"line":101,"column":21}},{"start":{"line":101,"column":19},"end":{"line":101,"column":21}}]},"23":{"loc":{"start":{"line":102,"column":13},"end":{"line":104,"column":null}},"type":"if","locations":[{"start":{"line":102,"column":13},"end":{"line":104,"column":null}}]},"24":{"loc":{"start":{"line":102,"column":17},"end":{"line":102,"column":30}},"type":"cond-expr","locations":[{"start":{"line":102,"column":24},"end":{"line":102,"column":26}},{"start":{"line":102,"column":17},"end":{"line":102,"column":30}}]},"25":{"loc":{"start":{"line":102,"column":17},"end":{"line":102,"column":26}},"type":"binary-expr","locations":[{"start":{"line":102,"column":17},"end":{"line":102,"column":26}},{"start":{"line":102,"column":17},"end":{"line":102,"column":26}}]},"26":{"loc":{"start":{"line":103,"column":8},"end":{"line":103,"column":73}},"type":"cond-expr","locations":[{"start":{"line":103,"column":19},"end":{"line":103,"column":21}},{"start":{"line":103,"column":19},"end":{"line":103,"column":73}}]},"27":{"loc":{"start":{"line":103,"column":8},"end":{"line":103,"column":21}},"type":"binary-expr","locations":[{"start":{"line":103,"column":8},"end":{"line":103,"column":21}},{"start":{"line":103,"column":19},"end":{"line":103,"column":21}}]},"28":{"loc":{"start":{"line":106,"column":8},"end":{"line":112,"column":null}},"type":"if","locations":[{"start":{"line":106,"column":8},"end":{"line":112,"column":null}},{"start":{"line":108,"column":15},"end":{"line":112,"column":null}}]},"29":{"loc":{"start":{"line":106,"column":12},"end":{"line":106,"column":25}},"type":"cond-expr","locations":[{"start":{"line":106,"column":19},"end":{"line":106,"column":21}},{"start":{"line":106,"column":12},"end":{"line":106,"column":25}}]},"30":{"loc":{"start":{"line":106,"column":12},"end":{"line":106,"column":21}},"type":"binary-expr","locations":[{"start":{"line":106,"column":12},"end":{"line":106,"column":21}},{"start":{"line":106,"column":12},"end":{"line":106,"column":21}}]},"31":{"loc":{"start":{"line":107,"column":10},"end":{"line":107,"column":61}},"type":"cond-expr","locations":[{"start":{"line":107,"column":21},"end":{"line":107,"column":23}},{"start":{"line":107,"column":21},"end":{"line":107,"column":61}}]},"32":{"loc":{"start":{"line":107,"column":10},"end":{"line":107,"column":23}},"type":"binary-expr","locations":[{"start":{"line":107,"column":10},"end":{"line":107,"column":23}},{"start":{"line":107,"column":21},"end":{"line":107,"column":23}}]},"33":{"loc":{"start":{"line":108,"column":15},"end":{"line":112,"column":null}},"type":"if","locations":[{"start":{"line":108,"column":15},"end":{"line":112,"column":null}},{"start":{"line":110,"column":15},"end":{"line":112,"column":null}}]},"34":{"loc":{"start":{"line":108,"column":19},"end":{"line":108,"column":32}},"type":"cond-expr","locations":[{"start":{"line":108,"column":26},"end":{"line":108,"column":28}},{"start":{"line":108,"column":19},"end":{"line":108,"column":32}}]},"35":{"loc":{"start":{"line":108,"column":19},"end":{"line":108,"column":28}},"type":"binary-expr","locations":[{"start":{"line":108,"column":19},"end":{"line":108,"column":28}},{"start":{"line":108,"column":19},"end":{"line":108,"column":28}}]},"36":{"loc":{"start":{"line":109,"column":10},"end":{"line":109,"column":60}},"type":"cond-expr","locations":[{"start":{"line":109,"column":21},"end":{"line":109,"column":23}},{"start":{"line":109,"column":21},"end":{"line":109,"column":60}}]},"37":{"loc":{"start":{"line":109,"column":10},"end":{"line":109,"column":23}},"type":"binary-expr","locations":[{"start":{"line":109,"column":10},"end":{"line":109,"column":23}},{"start":{"line":109,"column":21},"end":{"line":109,"column":23}}]},"38":{"loc":{"start":{"line":110,"column":15},"end":{"line":112,"column":null}},"type":"if","locations":[{"start":{"line":110,"column":15},"end":{"line":112,"column":null}}]},"39":{"loc":{"start":{"line":110,"column":19},"end":{"line":110,"column":32}},"type":"cond-expr","locations":[{"start":{"line":110,"column":26},"end":{"line":110,"column":28}},{"start":{"line":110,"column":19},"end":{"line":110,"column":32}}]},"40":{"loc":{"start":{"line":110,"column":19},"end":{"line":110,"column":28}},"type":"binary-expr","locations":[{"start":{"line":110,"column":19},"end":{"line":110,"column":28}},{"start":{"line":110,"column":19},"end":{"line":110,"column":28}}]},"41":{"loc":{"start":{"line":111,"column":10},"end":{"line":111,"column":70}},"type":"cond-expr","locations":[{"start":{"line":111,"column":21},"end":{"line":111,"column":23}},{"start":{"line":111,"column":21},"end":{"line":111,"column":70}}]},"42":{"loc":{"start":{"line":111,"column":10},"end":{"line":111,"column":23}},"type":"binary-expr","locations":[{"start":{"line":111,"column":10},"end":{"line":111,"column":23}},{"start":{"line":111,"column":21},"end":{"line":111,"column":23}}]},"43":{"loc":{"start":{"line":118,"column":6},"end":{"line":120,"column":null}},"type":"if","locations":[{"start":{"line":118,"column":6},"end":{"line":120,"column":null}}]},"44":{"loc":{"start":{"line":143,"column":38},"end":{"line":143,"column":51}},"type":"cond-expr","locations":[{"start":{"line":143,"column":43},"end":{"line":143,"column":45}},{"start":{"line":143,"column":38},"end":{"line":143,"column":51}}]},"45":{"loc":{"start":{"line":143,"column":38},"end":{"line":143,"column":45}},"type":"binary-expr","locations":[{"start":{"line":143,"column":38},"end":{"line":143,"column":45}},{"start":{"line":143,"column":38},"end":{"line":143,"column":45}}]},"46":{"loc":{"start":{"line":146,"column":6},"end":{"line":148,"column":null}},"type":"if","locations":[{"start":{"line":146,"column":6},"end":{"line":148,"column":null}}]},"47":{"loc":{"start":{"line":156,"column":4},"end":{"line":158,"column":null}},"type":"if","locations":[{"start":{"line":156,"column":4},"end":{"line":158,"column":null}}]},"48":{"loc":{"start":{"line":163,"column":4},"end":{"line":165,"column":null}},"type":"if","locations":[{"start":{"line":163,"column":4},"end":{"line":165,"column":null}}]},"49":{"loc":{"start":{"line":176,"column":38},"end":{"line":176,"column":51}},"type":"cond-expr","locations":[{"start":{"line":176,"column":43},"end":{"line":176,"column":45}},{"start":{"line":176,"column":38},"end":{"line":176,"column":51}}]},"50":{"loc":{"start":{"line":176,"column":38},"end":{"line":176,"column":45}},"type":"binary-expr","locations":[{"start":{"line":176,"column":38},"end":{"line":176,"column":45}},{"start":{"line":176,"column":38},"end":{"line":176,"column":45}}]},"51":{"loc":{"start":{"line":195,"column":39},"end":{"line":195,"column":52}},"type":"cond-expr","locations":[{"start":{"line":195,"column":44},"end":{"line":195,"column":46}},{"start":{"line":195,"column":39},"end":{"line":195,"column":52}}]},"52":{"loc":{"start":{"line":195,"column":39},"end":{"line":195,"column":46}},"type":"binary-expr","locations":[{"start":{"line":195,"column":39},"end":{"line":195,"column":46}},{"start":{"line":195,"column":39},"end":{"line":195,"column":46}}]},"53":{"loc":{"start":{"line":246,"column":12},"end":{"line":246,"column":19}},"type":"if","locations":[{"start":{"line":246,"column":12},"end":{"line":246,"column":19}}]},"54":{"loc":{"start":{"line":246,"column":12},"end":{"line":246,"column":37}},"type":"cond-expr","locations":[{"start":{"line":246,"column":19},"end":{"line":246,"column":21}},{"start":{"line":246,"column":12},"end":{"line":246,"column":37}}]},"55":{"loc":{"start":{"line":246,"column":12},"end":{"line":246,"column":21}},"type":"binary-expr","locations":[{"start":{"line":246,"column":12},"end":{"line":246,"column":21}},{"start":{"line":246,"column":12},"end":{"line":246,"column":21}}]},"56":{"loc":{"start":{"line":258,"column":8},"end":{"line":259,"column":null}},"type":"if","locations":[{"start":{"line":258,"column":8},"end":{"line":259,"column":null}}]},"57":{"loc":{"start":{"line":258,"column":12},"end":{"line":258,"column":25}},"type":"cond-expr","locations":[{"start":{"line":258,"column":19},"end":{"line":258,"column":21}},{"start":{"line":258,"column":12},"end":{"line":258,"column":25}}]},"58":{"loc":{"start":{"line":258,"column":12},"end":{"line":258,"column":21}},"type":"binary-expr","locations":[{"start":{"line":258,"column":12},"end":{"line":258,"column":21}},{"start":{"line":258,"column":12},"end":{"line":258,"column":21}}]}},"s":{"0":1,"1":1,"2":1,"3":1,"4":69,"5":69,"6":69,"7":69,"8":69,"9":69,"10":69,"11":15,"12":15,"13":15,"14":15,"15":15,"16":15,"17":30,"18":0,"19":0,"20":15,"21":0,"22":32,"23":0,"24":0,"25":0,"26":0,"27":0,"28":32,"29":32,"30":69,"31":69,"32":33,"33":30,"34":13,"35":3,"36":1,"37":1,"38":2,"39":1,"40":1,"41":33,"42":33,"43":30,"44":3,"45":1,"46":2,"47":1,"48":69,"49":33,"50":33,"51":32,"52":69,"53":69,"54":33,"55":33,"56":33,"57":1,"58":1,"59":1,"60":1,"61":5,"62":5,"63":5,"64":5,"65":5,"66":2,"67":2,"68":2,"69":2,"70":0,"71":0,"72":0,"73":0,"74":1,"75":1,"76":1,"77":5,"78":5,"79":2,"80":2,"81":1,"82":1,"83":1,"84":5,"85":5,"86":1,"87":2,"88":1,"89":2,"90":2,"91":2,"92":2,"93":1,"94":1,"95":1,"96":0,"97":0,"98":1,"99":1,"100":1,"101":1,"102":69,"103":69,"104":1,"105":1,"106":1,"107":2,"108":0,"109":1,"110":0,"111":0,"112":0,"113":69,"114":1},"f":{"0":69,"1":15,"2":32,"3":69,"4":33,"5":13,"6":1,"7":1,"8":33,"9":33,"10":33,"11":33,"12":1,"13":5,"14":2,"15":0,"16":1,"17":5,"18":2,"19":1,"20":1,"21":5,"22":1,"23":2,"24":1,"25":2,"26":1,"27":0,"28":1,"29":69,"30":1,"31":1},"b":{"0":[0,69],"1":[69,69],"2":[0,69],"3":[69,69],"4":[0,69],"5":[69,69],"6":[15],"7":[0,15],"8":[15,15],"9":[12,3],"10":[0,15],"11":[15],"12":[0,32],"13":[30,3],"14":[0,33],"15":[33,33],"16":[0,30],"17":[30,30],"18":[1,2],"19":[0,3],"20":[3,3],"21":[0,1],"22":[1,1],"23":[1],"24":[0,2],"25":[2,2],"26":[0,1],"27":[1,1],"28":[30,3],"29":[0,33],"30":[33,33],"31":[0,30],"32":[30,30],"33":[1,2],"34":[0,3],"35":[3,3],"36":[0,1],"37":[1,1],"38":[1],"39":[0,2],"40":[2,2],"41":[0,1],"42":[1,1],"43":[32],"44":[0,5],"45":[5,5],"46":[5],"47":[2],"48":[0],"49":[0,5],"50":[5,5],"51":[0,5],"52":[5,5],"53":[1],"54":[0,1],"55":[1,1],"56":[0],"57":[0,0],"58":[0,0]}}
,"/Volumes/Files/javascript/use-form/src/hooks/useStateCallback.ts": {"path":"/Volumes/Files/javascript/use-form/src/hooks/useStateCallback.ts","statementMap":{"0":{"start":{"line":1,"column":0},"end":{"line":1,"column":25}},"1":{"start":{"line":9,"column":29},"end":{"line":9,"column":57}},"2":{"start":{"line":9,"column":15},"end":{"line":9,"column":17}},"3":{"start":{"line":9,"column":25},"end":{"line":9,"column":29}},"4":{"start":{"line":11,"column":3},"end":{"line":13,"column":null}},"5":{"start":{"line":12,"column":6},"end":{"line":12,"column":null}},"6":{"start":{"line":15,"column":3},"end":{"line":15,"column":null}},"7":{"start":{"line":5,"column":0},"end":{"line":5,"column":16}}},"fnMap":{"0":{"name":"useStateCallback","decl":{"start":{"line":5,"column":16},"end":{"line":5,"column":32}},"loc":{"start":{"line":7,"column":31},"end":{"line":16,"column":1}}},"1":{"name":"(anonymous_2)","decl":{"start":{"line":11,"column":19},"end":{"line":11,"column":null}},"loc":{"start":{"line":11,"column":19},"end":{"line":13,"column":4}}}},"branchMap":{},"s":{"0":1,"1":0,"2":0,"3":0,"4":0,"5":0,"6":0,"7":1},"f":{"0":0,"1":0},"b":{}}
,"/Volumes/Files/javascript/use-form/src/hooks/useValidation.ts": {"path":"/Volumes/Files/javascript/use-form/src/hooks/useValidation.ts","statementMap":{"0":{"start":{"line":1,"column":0},"end":{"line":1,"column":25}},"1":{"start":{"line":3,"column":0},"end":{"line":3,"column":42}},"2":{"start":{"line":4,"column":0},"end":{"line":4,"column":42}},"3":{"start":{"line":10,"column":31},"end":{"line":10,"column":69}},"4":{"start":{"line":10,"column":16},"end":{"line":10,"column":18}},"5":{"start":{"line":10,"column":27},"end":{"line":10,"column":31}},"6":{"start":{"line":12,"column":20},"end":{"line":27,"column":23}},"7":{"start":{"line":13,"column":6},"end":{"line":26,"column":null}},"8":{"start":{"line":16,"column":12},"end":{"line":16,"column":null}},"9":{"start":{"line":19,"column":25},"end":{"line":19,"column":27}},"10":{"start":{"line":20,"column":12},"end":{"line":24,"column":null}},"11":{"start":{"line":21,"column":28},"end":{"line":21,"column":53}},"12":{"start":{"line":23,"column":15},"end":{"line":23,"column":null}},"13":{"start":{"line":25,"column":12},"end":{"line":25,"column":null}},"14":{"start":{"line":29,"column":3},"end":{"line":31,"column":null}},"15":{"start":{"line":30,"column":6},"end":{"line":30,"column":null}},"16":{"start":{"line":33,"column":3},"end":{"line":33,"column":null}},"17":{"start":{"line":6,"column":0},"end":{"line":6,"column":16}}},"fnMap":{"0":{"name":"useValidation","decl":{"start":{"line":6,"column":16},"end":{"line":6,"column":29}},"loc":{"start":{"line":9,"column":34},"end":{"line":34,"column":1}}},"1":{"name":"(anonymous_10)","decl":{"start":{"line":12,"column":38},"end":{"line":12,"column":null}},"loc":{"start":{"line":12,"column":38},"end":{"line":27,"column":4}}},"2":{"name":"(anonymous_11)","decl":{"start":{"line":15,"column":15},"end":{"line":15,"column":null}},"loc":{"start":{"line":15,"column":15},"end":{"line":17,"column":10}}},"3":{"name":"(anonymous_12)","decl":{"start":{"line":18,"column":16},"end":{"line":18,"column":17}},"loc":{"start":{"line":18,"column":35},"end":{"line":26,"column":10}}},"4":{"name":"(anonymous_13)","decl":{"start":{"line":20,"column":28},"end":{"line":20,"column":31}},"loc":{"start":{"line":20,"column":31},"end":{"line":24,"column":13}}},"5":{"name":"(anonymous_14)","decl":{"start":{"line":29,"column":19},"end":{"line":29,"column":null}},"loc":{"start":{"line":29,"column":19},"end":{"line":31,"column":4}}}},"branchMap":{"0":{"loc":{"start":{"line":13,"column":6},"end":{"line":26,"column":11}},"type":"cond-expr","locations":[{"start":{"line":13,"column":12},"end":{"line":13,"column":null}},{"start":{"line":13,"column":6},"end":{"line":26,"column":11}}]},"1":{"loc":{"start":{"line":13,"column":6},"end":{"line":13,"column":null}},"type":"binary-expr","locations":[{"start":{"line":13,"column":6},"end":{"line":13,"column":null}},{"start":{"line":13,"column":6},"end":{"line":13,"column":null}}]}},"s":{"0":1,"1":1,"2":1,"3":0,"4":0,"5":0,"6":0,"7":0,"8":0,"9":0,"10":0,"11":0,"12":0,"13":0,"14":0,"15":0,"16":0,"17":1},"f":{"0":0,"1":0,"2":0,"3":0,"4":0,"5":0},"b":{"0":[0,0],"1":[0,0]}}
,"/Volumes/Files/javascript/use-form/src/utils/dot-prop.ts": {"path":"/Volumes/Files/javascript/use-form/src/utils/dot-prop.ts","statementMap":{"0":{"start":{"line":2,"column":3},"end":{"line":7,"column":null}},"1":{"start":{"line":7,"column":29},"end":{"line":7,"column":33}},"2":{"start":{"line":11,"column":3},"end":{"line":15,"column":null}},"3":{"start":{"line":23,"column":17},"end":{"line":23,"column":33}},"4":{"start":{"line":25,"column":29},"end":{"line":25,"column":54}},"5":{"start":{"line":26,"column":18},"end":{"line":26,"column":43}},"6":{"start":{"line":28,"column":6},"end":{"line":36,"column":null}},"7":{"start":{"line":29,"column":9},"end":{"line":32,"column":null}},"8":{"start":{"line":30,"column":12},"end":{"line":30,"column":null}},"9":{"start":{"line":31,"column":12},"end":{"line":31,"column":null}},"10":{"start":{"line":33,"column":9},"end":{"line":33,"column":null}},"11":{"start":{"line":35,"column":9},"end":{"line":35,"column":null}},"12":{"start":{"line":37,"column":6},"end":{"line":37,"column":null}},"13":{"start":{"line":40,"column":3},"end":{"line":40,"column":null}},"14":{"start":{"line":18,"column":0},"end":{"line":18,"column":16}},"15":{"start":{"line":44,"column":17},"end":{"line":44,"column":33}},"16":{"start":{"line":47,"column":23},"end":{"line":47,"column":48}},"17":{"start":{"line":49,"column":6},"end":{"line":62,"column":null}},"18":{"start":{"line":50,"column":9},"end":{"line":55,"column":null}},"19":{"start":{"line":51,"column":12},"end":{"line":51,"column":null}},"20":{"start":{"line":52,"column":12},"end":{"line":52,"column":null}},"21":{"start":{"line":53,"column":12},"end":{"line":53,"column":null}},"22":{"start":{"line":54,"column":12},"end":{"line":54,"column":null}},"23":{"start":{"line":56,"column":24},"end":{"line":56,"column":76}},"24":{"start":{"line":57,"column":9},"end":{"line":59,"column":null}},"25":{"start":{"line":61,"column":9},"end":{"line":61,"column":null}},"26":{"start":{"line":63,"column":6},"end":{"line":63,"column":null}},"27":{"start":{"line":66,"column":3},"end":{"line":66,"column":null}},"28":{"start":{"line":43,"column":0},"end":{"line":43,"column":16}},"29":{"start":{"line":70,"column":17},"end":{"line":70,"column":33}},"30":{"start":{"line":72,"column":29},"end":{"line":72,"column":50}},"31":{"start":{"line":73,"column":20},"end":{"line":73,"column":45}},"32":{"start":{"line":74,"column":6},"end":{"line":81,"column":null}},"33":{"start":{"line":75,"column":9},"end":{"line":79,"column":null}},"34":{"start":{"line":76,"column":12},"end":{"line":76,"column":null}},"35":{"start":{"line":77,"column":16},"end":{"line":79,"column":null}},"36":{"start":{"line":78,"column":12},"end":{"line":78,"column":null}},"37":{"start":{"line":80,"column":9},"end":{"line":80,"column":null}},"38":{"start":{"line":82,"column":6},"end":{"line":82,"column":null}},"39":{"start":{"line":85,"column":3},"end":{"line":85,"column":null}},"40":{"start":{"line":69,"column":0},"end":{"line":69,"column":16}},"41":{"start":{"line":93,"column":23},"end":{"line":93,"column":47}},"42":{"start":{"line":94,"column":3},"end":{"line":96,"column":null}},"43":{"start":{"line":95,"column":6},"end":{"line":95,"column":null}},"44":{"start":{"line":98,"column":3},"end":{"line":104,"column":null}},"45":{"start":{"line":99,"column":6},"end":{"line":101,"column":null}},"46":{"start":{"line":100,"column":9},"end":{"line":100,"column":null}},"47":{"start":{"line":102,"column":26},"end":{"line":102,"column":51}},"48":{"start":{"line":103,"column":6},"end":{"line":103,"column":null}},"49":{"start":{"line":106,"column":23},"end":{"line":106,"column":56}},"50":{"start":{"line":108,"column":3},"end":{"line":108,"column":null}},"51":{"start":{"line":88,"column":0},"end":{"line":88,"column":16}}},"fnMap":{"0":{"name":"propToPath","decl":{"start":{"line":1,"column":9},"end":{"line":1,"column":19}},"loc":{"start":{"line":1,"column":29},"end":{"line":8,"column":1}}},"1":{"name":"(anonymous_1)","decl":{"start":{"line":7,"column":14},"end":{"line":7,"column":15}},"loc":{"start":{"line":7,"column":24},"end":{"line":7,"column":30}}},"2":{"name":"isPrimitive","decl":{"start":{"line":10,"column":9},"end":{"line":10,"column":20}},"loc":{"start":{"line":10,"column":31},"end":{"line":16,"column":1}}},"3":{"name":"set","decl":{"start":{"line":18,"column":16},"end":{"line":18,"column":19}},"loc":{"start":{"line":21,"column":13},"end":{"line":41,"column":1}}},"4":{"name":"setPropertyValue","decl":{"start":{"line":25,"column":12},"end":{"line":25,"column":28}},"loc":{"start":{"line":25,"column":67},"end":{"line":38,"column":4}}},"5":{"name":"del","decl":{"start":{"line":43,"column":16},"end":{"line":43,"column":19}},"loc":{"start":{"line":43,"column":68},"end":{"line":67,"column":1}}},"6":{"name":"deletePropertyValue","decl":{"start":{"line":46,"column":12},"end":{"line":46,"column":31}},"loc":{"start":{"line":46,"column":61},"end":{"line":64,"column":4}}},"7":{"name":"get","decl":{"start":{"line":69,"column":16},"end":{"line":69,"column":19}},"loc":{"start":{"line":69,"column":68},"end":{"line":86,"column":1}}},"8":{"name":"getPropertyValue","decl":{"start":{"line":72,"column":12},"end":{"line":72,"column":28}},"loc":{"start":{"line":72,"column":63},"end":{"line":83,"column":4}}},"9":{"name":"merge","decl":{"start":{"line":88,"column":16},"end":{"line":88,"column":21}},"loc":{"start":{"line":91,"column":13},"end":{"line":109,"column":1}}}},"branchMap":{"0":{"loc":{"start":{"line":12,"column":6},"end":{"line":14,"column":32}},"type":"binary-expr","locations":[{"start":{"line":12,"column":6},"end":{"line":12,"column":31}},{"start":{"line":13,"column":6},"end":{"line":13,"column":31}},{"start":{"line":14,"column":6},"end":{"line":14,"column":32}}]},"1":{"loc":{"start":{"line":25,"column":29},"end":{"line":25,"column":54}},"type":"if","locations":[{"start":{"line":25,"column":29},"end":{"line":25,"column":54}}]},"2":{"loc":{"start":{"line":28,"column":6},"end":{"line":36,"column":null}},"type":"if","locations":[{"start":{"line":28,"column":6},"end":{"line":36,"column":null}}]},"3":{"loc":{"start":{"line":29,"column":9},"end":{"line":32,"column":null}},"type":"if","locations":[{"start":{"line":29,"column":9},"end":{"line":32,"column":null}}]},"4":{"loc":{"start":{"line":49,"column":6},"end":{"line":62,"column":null}},"type":"if","locations":[{"start":{"line":49,"column":6},"end":{"line":62,"column":null}}]},"5":{"loc":{"start":{"line":50,"column":9},"end":{"line":55,"column":null}},"type":"if","locations":[{"start":{"line":50,"column":9},"end":{"line":55,"column":null}}]},"6":{"loc":{"start":{"line":57,"column":9},"end":{"line":59,"column":44}},"type":"cond-expr","locations":[{"start":{"line":58,"column":14},"end":{"line":58,"column":40}},{"start":{"line":59,"column":15},"end":{"line":59,"column":43}}]},"7":{"loc":{"start":{"line":72,"column":29},"end":{"line":72,"column":50}},"type":"if","locations":[{"start":{"line":72,"column":29},"end":{"line":72,"column":50}}]},"8":{"loc":{"start":{"line":74,"column":6},"end":{"line":81,"column":null}},"type":"if","locations":[{"start":{"line":74,"column":6},"end":{"line":81,"column":null}}]},"9":{"loc":{"start":{"line":75,"column":9},"end":{"line":79,"column":null}},"type":"if","locations":[{"start":{"line":75,"column":9},"end":{"line":79,"column":null}},{"start":{"line":77,"column":16},"end":{"line":79,"column":null}}]},"10":{"loc":{"start":{"line":77,"column":16},"end":{"line":79,"column":null}},"type":"if","locations":[{"start":{"line":77,"column":16},"end":{"line":79,"column":null}}]},"11":{"loc":{"start":{"line":94,"column":3},"end":{"line":96,"column":null}},"type":"if","locations":[{"start":{"line":94,"column":3},"end":{"line":96,"column":null}}]},"12":{"loc":{"start":{"line":94,"column":7},"end":{"line":94,"column":63}},"type":"binary-expr","locations":[{"start":{"line":94,"column":7},"end":{"line":94,"column":41}},{"start":{"line":94,"column":45},"end":{"line":94,"column":63}}]},"13":{"loc":{"start":{"line":98,"column":3},"end":{"line":104,"column":null}},"type":"if","locations":[{"start":{"line":98,"column":3},"end":{"line":104,"column":null}}]},"14":{"loc":{"start":{"line":99,"column":6},"end":{"line":101,"column":null}},"type":"if","locations":[{"start":{"line":99,"column":6},"end":{"line":101,"column":null}}]}},"s":{"0":130,"1":238,"2":0,"3":56,"4":151,"5":151,"6":151,"7":95,"8":0,"9":0,"10":95,"11":95,"12":56,"13":56,"14":2,"15":0,"16":0,"17":0,"18":0,"19":0,"20":0,"21":0,"22":0,"23":0,"24":0,"25":0,"26":0,"27":0,"28":2,"29":74,"30":143,"31":143,"32":143,"33":74,"34":0,"35":74,"36":10,"37":64,"38":69,"39":74,"40":2,"41":0,"42":0,"43":0,"44":0,"45":0,"46":0,"47":0,"48":0,"49":0,"50":0,"51":2},"f":{"0":130,"1":238,"2":0,"3":56,"4":151,"5":0,"6":0,"7":74,"8":143,"9":0},"b":{"0":[0,0,0],"1":[0],"2":[95],"3":[0],"4":[0],"5":[0],"6":[0,0],"7":[0],"8":[74],"9":[0,74],"10":[10],"11":[0],"12":[0,0],"13":[0],"14":[0]}}
,"/Volumes/Files/javascript/use-form/src/utils/index.ts": {"path":"/Volumes/Files/javascript/use-form/src/utils/index.ts","statementMap":{"0":{"start":{"line":2,"column":0},"end":{"line":2,"column":33}},"1":{"start":{"line":4,"column":23},"end":{"line":4,"column":45}},"2":{"start":{"line":4,"column":41},"end":{"line":4,"column":null}},"3":{"start":{"line":4,"column":13},"end":{"line":4,"column":23}},"4":{"start":{"line":6,"column":26},"end":{"line":6,"column":48}},"5":{"start":{"line":6,"column":44},"end":{"line":6,"column":null}},"6":{"start":{"line":6,"column":13},"end":{"line":6,"column":26}},"7":{"start":{"line":8,"column":0},"end":{"line":8,"column":16}},"8":{"start":{"line":16,"column":3},"end":{"line":31,"column":null}},"9":{"start":{"line":16,"column":18},"end":{"line":16,"column":39}},"10":{"start":{"line":17,"column":22},"end":{"line":17,"column":26}},"11":{"start":{"line":19,"column":20},"end":{"line":22,"column":7}},"12":{"start":{"line":20,"column":9},"end":{"line":20,"column":null}},"13":{"start":{"line":21,"column":9},"end":{"line":21,"column":null}},"14":{"start":{"line":21,"column":25},"end":{"line":21,"column":null}},"15":{"start":{"line":24,"column":22},"end":{"line":24,"column":43}},"16":{"start":{"line":25,"column":6},"end":{"line":25,"column":null}},"17":{"start":{"line":26,"column":6},"end":{"line":26,"column":null}},"18":{"start":{"line":28,"column":6},"end":{"line":30,"column":null}},"19":{"start":{"line":29,"column":9},"end":{"line":29,"column":null}},"20":{"start":{"line":35,"column":3},"end":{"line":35,"column":null}},"21":{"start":{"line":34,"column":0},"end":{"line":34,"column":16}},"22":{"start":{"line":39,"column":21},"end":{"line":39,"column":68}},"23":{"start":{"line":40,"column":3},"end":{"line":40,"column":null}},"24":{"start":{"line":38,"column":0},"end":{"line":38,"column":16}},"25":{"start":{"line":47,"column":3},"end":{"line":57,"column":null}},"26":{"start":{"line":50,"column":9},"end":{"line":50,"column":null}},"27":{"start":{"line":53,"column":9},"end":{"line":56,"column":null}},"28":{"start":{"line":54,"column":25},"end":{"line":54,"column":50}},"29":{"start":{"line":55,"column":12},"end":{"line":55,"column":null}},"30":{"start":{"line":43,"column":0},"end":{"line":43,"column":16}}},"fnMap":{"0":{"name":"(anonymous_6)","decl":{"start":{"line":4,"column":23},"end":{"line":4,"column":24}},"loc":{"start":{"line":4,"column":36},"end":{"line":4,"column":45}}},"1":{"name":"(anonymous_7)","decl":{"start":{"line":6,"column":26},"end":{"line":6,"column":27}},"loc":{"start":{"line":6,"column":39},"end":{"line":6,"column":48}}},"2":{"name":"debounce","decl":{"start":{"line":8,"column":16},"end":{"line":8,"column":24}},"loc":{"start":{"line":12,"column":22},"end":{"line":32,"column":1}}},"3":{"name":"(anonymous_9)","decl":{"start":{"line":16,"column":10},"end":{"line":16,"column":18}},"loc":{"start":{"line":16,"column":10},"end":{"line":31,"column":4}}},"4":{"name":"(anonymous_10)","decl":{"start":{"line":19,"column":20},"end":{"line":19,"column":null}},"loc":{"start":{"line":19,"column":20},"end":{"line":22,"column":7}}},"5":{"name":"makeDotNotation","decl":{"start":{"line":34,"column":16},"end":{"line":34,"column":31}},"loc":{"start":{"line":34,"column":43},"end":{"line":36,"column":1}}},"6":{"name":"getNextState","decl":{"start":{"line":38,"column":16},"end":{"line":38,"column":28}},"loc":{"start":{"line":38,"column":50},"end":{"line":41,"column":1}}},"7":{"name":"validate","decl":{"start":{"line":43,"column":16},"end":{"line":43,"column":24}},"loc":{"start":{"line":45,"column":36},"end":{"line":58,"column":1}}},"8":{"name":"(anonymous_14)","decl":{"start":{"line":49,"column":12},"end":{"line":49,"column":null}},"loc":{"start":{"line":49,"column":12},"end":{"line":51,"column":7}}},"9":{"name":"(anonymous_15)","decl":{"start":{"line":52,"column":13},"end":{"line":52,"column":14}},"loc":{"start":{"line":52,"column":32},"end":{"line":57,"column":7}}},"10":{"name":"(anonymous_16)","decl":{"start":{"line":53,"column":30},"end":{"line":53,"column":31}},"loc":{"start":{"line":53,"column":39},"end":{"line":56,"column":10}}}},"branchMap":{"0":{"loc":{"start":{"line":21,"column":9},"end":{"line":21,"column":null}},"type":"if","locations":[{"start":{"line":21,"column":9},"end":{"line":21,"column":null}}]},"1":{"loc":{"start":{"line":24,"column":22},"end":{"line":24,"column":43}},"type":"binary-expr","locations":[{"start":{"line":24,"column":22},"end":{"line":24,"column":31}},{"start":{"line":24,"column":35},"end":{"line":24,"column":43}}]},"2":{"loc":{"start":{"line":28,"column":6},"end":{"line":30,"column":null}},"type":"if","locations":[{"start":{"line":28,"column":6},"end":{"line":30,"column":null}}]},"3":{"loc":{"start":{"line":39,"column":21},"end":{"line":39,"column":68}},"type":"cond-expr","locations":[{"start":{"line":39,"column":50},"end":{"line":39,"column":61}},{"start":{"line":39,"column":64},"end":{"line":39,"column":68}}]},"4":{"loc":{"start":{"line":47,"column":10},"end":{"line":57,"column":8}},"type":"cond-expr","locations":[{"start":{"line":47,"column":26},"end":{"line":47,"column":null}},{"start":{"line":47,"column":10},"end":{"line":57,"column":8}}]},"5":{"loc":{"start":{"line":47,"column":10},"end":{"line":47,"column":null}},"type":"binary-expr","locations":[{"start":{"line":47,"column":10},"end":{"line":47,"column":null}},{"start":{"line":47,"column":10},"end":{"line":47,"column":null}}]}},"s":{"0":2,"1":2,"2":0,"3":2,"4":2,"5":15,"6":2,"7":73,"8":71,"9":7,"10":3,"11":3,"12":3,"13":3,"14":2,"15":3,"16":3,"17":3,"18":3,"19":1,"20":0,"21":2,"22":17,"23":17,"24":2,"25":0,"26":0,"27":0,"28":0,"29":0,"30":2},"f":{"0":0,"1":15,"2":71,"3":3,"4":3,"5":0,"6":17,"7":0,"8":0,"9":0,"10":0},"b":{"0":[2],"1":[3,1],"2":[1],"3":[0,17],"4":[0,0],"5":[0,0]}}
}
