{"/Volumes/Files/javascript/use-form/src/index.ts": {"path":"/Volumes/Files/javascript/use-form/src/index.ts","statementMap":{"0":{"start":{"line":1,"column":0},"end":{"line":1,"column":31}},"1":{"start":{"line":2,"column":0},"end":{"line":2,"column":37}},"2":{"start":{"line":3,"column":0},"end":{"line":3,"column":40}},"3":{"start":{"line":4,"column":0},"end":{"line":4,"column":34}},"4":{"start":{"line":5,"column":0},"end":{"line":5,"column":38}}},"fnMap":{},"branchMap":{},"s":{"0":1,"1":1,"2":1,"3":1,"4":1},"f":{},"b":{}}
,"/Volumes/Files/javascript/use-form/src/core/contextForm.ts": {"path":"/Volumes/Files/javascript/use-form/src/core/contextForm.ts","statementMap":{"0":{"start":{"line":1,"column":0},"end":{"line":1,"column":25}},"1":{"start":{"line":4,"column":13},"end":{"line":6,"column":null}},"2":{"start":{"line":8,"column":13},"end":{"line":8,"column":null}},"3":{"start":{"line":10,"column":13},"end":{"line":10,"column":null}}},"fnMap":{},"branchMap":{},"s":{"0":1,"1":1,"2":1,"3":1},"f":{},"b":{}}
,"/Volumes/Files/javascript/use-form/src/core/observable.ts": {"path":"/Volumes/Files/javascript/use-form/src/core/observable.ts","statementMap":{"0":{"start":{"line":2,"column":0},"end":{"line":2,"column":40}},"1":{"start":{"line":8,"column":3},"end":{"line":8,"column":null}},"2":{"start":{"line":10,"column":15},"end":{"line":10,"column":27}},"3":{"start":{"line":11,"column":37},"end":{"line":11,"column":39}},"4":{"start":{"line":14,"column":6},"end":{"line":14,"column":null}},"5":{"start":{"line":18,"column":6},"end":{"line":18,"column":null}},"6":{"start":{"line":20,"column":6},"end":{"line":22,"column":null}},"7":{"start":{"line":21,"column":9},"end":{"line":21,"column":null}},"8":{"start":{"line":21,"column":47},"end":{"line":21,"column":56}},"9":{"start":{"line":26,"column":6},"end":{"line":26,"column":null}},"10":{"start":{"line":28,"column":6},"end":{"line":28,"column":null}},"11":{"start":{"line":32,"column":24},"end":{"line":32,"column":50}},"12":{"start":{"line":33,"column":6},"end":{"line":33,"column":null}},"13":{"start":{"line":34,"column":6},"end":{"line":34,"column":null}},"14":{"start":{"line":38,"column":6},"end":{"line":38,"column":null}},"15":{"start":{"line":42,"column":6},"end":{"line":42,"column":null}},"16":{"start":{"line":46,"column":6},"end":{"line":46,"column":null}},"17":{"start":{"line":50,"column":6},"end":{"line":52,"column":null}},"18":{"start":{"line":51,"column":9},"end":{"line":51,"column":null}},"19":{"start":{"line":55,"column":3},"end":{"line":63,"column":null}},"20":{"start":{"line":7,"column":0},"end":{"line":7,"column":16}}},"fnMap":{"0":{"name":"createState","decl":{"start":{"line":7,"column":16},"end":{"line":7,"column":27}},"loc":{"start":{"line":8,"column":38},"end":{"line":64,"column":1}}},"1":{"name":"get","decl":{"start":{"line":13,"column":12},"end":{"line":13,"column":15}},"loc":{"start":{"line":13,"column":15},"end":{"line":15,"column":4}}},"2":{"name":"subscribe","decl":{"start":{"line":17,"column":12},"end":{"line":17,"column":21}},"loc":{"start":{"line":17,"column":38},"end":{"line":23,"column":4}}},"3":{"name":"(anonymous_10)","decl":{"start":{"line":20,"column":13},"end":{"line":20,"column":null}},"loc":{"start":{"line":20,"column":13},"end":{"line":22,"column":7}}},"4":{"name":"(anonymous_11)","decl":{"start":{"line":21,"column":42},"end":{"line":21,"column":43}},"loc":{"start":{"line":21,"column":43},"end":{"line":21,"column":48}}},"5":{"name":"set","decl":{"start":{"line":25,"column":12},"end":{"line":25,"column":15}},"loc":{"start":{"line":25,"column":28},"end":{"line":29,"column":4}}},"6":{"name":"patch","decl":{"start":{"line":31,"column":12},"end":{"line":31,"column":17}},"loc":{"start":{"line":31,"column":41},"end":{"line":35,"column":4}}},"7":{"name":"getPropertyValue","decl":{"start":{"line":37,"column":12},"end":{"line":37,"column":28}},"loc":{"start":{"line":37,"column":41},"end":{"line":39,"column":4}}},"8":{"name":"getInitialPropertyValue","decl":{"start":{"line":41,"column":12},"end":{"line":41,"column":35}},"loc":{"start":{"line":41,"column":48},"end":{"line":43,"column":4}}},"9":{"name":"getInitialState","decl":{"start":{"line":45,"column":12},"end":{"line":45,"column":27}},"loc":{"start":{"line":45,"column":27},"end":{"line":47,"column":4}}},"10":{"name":"notify","decl":{"start":{"line":49,"column":12},"end":{"line":49,"column":18}},"loc":{"start":{"line":49,"column":18},"end":{"line":53,"column":4}}},"11":{"name":"(anonymous_18)","decl":{"start":{"line":50,"column":26},"end":{"line":50,"column":28}},"loc":{"start":{"line":50,"column":28},"end":{"line":52,"column":7}}}},"branchMap":{"0":{"loc":{"start":{"line":8,"column":3},"end":{"line":8,"column":null}},"type":"if","locations":[{"start":{"line":8,"column":3},"end":{"line":8,"column":null}}]}},"s":{"0":1,"1":68,"2":68,"3":68,"4":57,"5":32,"6":32,"7":32,"8":32,"9":16,"10":16,"11":26,"12":26,"13":26,"14":63,"15":4,"16":6,"17":42,"18":42,"19":68,"20":1},"f":{"0":68,"1":57,"2":32,"3":32,"4":32,"5":16,"6":26,"7":63,"8":4,"9":6,"10":42,"11":42},"b":{"0":[0]}}
,"/Volumes/Files/javascript/use-form/src/hooks/useContextForm.ts": {"path":"/Volumes/Files/javascript/use-form/src/hooks/useContextForm.ts","statementMap":{"0":{"start":{"line":1,"column":0},"end":{"line":1,"column":25}},"1":{"start":{"line":2,"column":0},"end":{"line":2,"column":49}},"2":{"start":{"line":6,"column":16},"end":{"line":6,"column":50}},"3":{"start":{"line":8,"column":3},"end":{"line":8,"column":null}},"4":{"start":{"line":5,"column":0},"end":{"line":5,"column":16}}},"fnMap":{"0":{"name":"useFormContext","decl":{"start":{"line":5,"column":16},"end":{"line":5,"column":30}},"loc":{"start":{"line":5,"column":30},"end":{"line":9,"column":1}}}},"branchMap":{},"s":{"0":1,"1":1,"2":0,"3":0,"4":1},"f":{"0":0},"b":{}}
,"/Volumes/Files/javascript/use-form/src/hooks/useForm.ts": {"path":"/Volumes/Files/javascript/use-form/src/hooks/useForm.ts","statementMap":{"0":{"start":{"line":1,"column":0},"end":{"line":1,"column":25}},"1":{"start":{"line":2,"column":0},"end":{"line":2,"column":48}},"2":{"start":{"line":11,"column":0},"end":{"line":11,"column":71}},"3":{"start":{"line":12,"column":0},"end":{"line":12,"column":40}},"4":{"start":{"line":17,"column":24},"end":{"line":21,"column":null}},"5":{"start":{"line":22,"column":31},"end":{"line":24,"column":null}},"6":{"start":{"line":25,"column":29},"end":{"line":26,"column":null}},"7":{"start":{"line":25,"column":15},"end":{"line":25,"column":17}},"8":{"start":{"line":25,"column":25},"end":{"line":25,"column":29}},"9":{"start":{"line":29,"column":29},"end":{"line":29,"column":75}},"10":{"start":{"line":30,"column":18},"end":{"line":30,"column":34}},"11":{"start":{"line":33,"column":12},"end":{"line":33,"column":null}},"12":{"start":{"line":34,"column":12},"end":{"line":34,"column":null}},"13":{"start":{"line":35,"column":12},"end":{"line":35,"column":null}},"14":{"start":{"line":36,"column":12},"end":{"line":38,"column":null}},"15":{"start":{"line":40,"column":12},"end":{"line":44,"column":null}},"16":{"start":{"line":45,"column":12},"end":{"line":49,"column":null}},"17":{"start":{"line":52,"column":13},"end":{"line":52,"column":29}},"18":{"start":{"line":53,"column":12},"end":{"line":53,"column":null}},"19":{"start":{"line":54,"column":12},"end":{"line":58,"column":null}},"20":{"start":{"line":61,"column":9},"end":{"line":65,"column":null}},"21":{"start":{"line":67,"column":9},"end":{"line":71,"column":null}},"22":{"start":{"line":76,"column":6},"end":{"line":91,"column":null}},"23":{"start":{"line":77,"column":24},"end":{"line":80,"column":null}},"24":{"start":{"line":83,"column":9},"end":{"line":85,"column":null}},"25":{"start":{"line":83,"column":29},"end":{"line":83,"column":35}},"26":{"start":{"line":83,"column":25},"end":{"line":83,"column":29}},"27":{"start":{"line":84,"column":12},"end":{"line":84,"column":null}},"28":{"start":{"line":87,"column":9},"end":{"line":87,"column":null}},"29":{"start":{"line":88,"column":9},"end":{"line":90,"column":null}},"30":{"start":{"line":95,"column":18},"end":{"line":95,"column":41}},"31":{"start":{"line":97,"column":6},"end":{"line":114,"column":null}},"32":{"start":{"line":98,"column":9},"end":{"line":104,"column":null}},"33":{"start":{"line":99,"column":12},"end":{"line":99,"column":null}},"34":{"start":{"line":99,"column":56},"end":{"line":99,"column":68}},"35":{"start":{"line":100,"column":16},"end":{"line":104,"column":null}},"36":{"start":{"line":101,"column":12},"end":{"line":101,"column":null}},"37":{"start":{"line":101,"column":55},"end":{"line":101,"column":67}},"38":{"start":{"line":102,"column":16},"end":{"line":104,"column":null}},"39":{"start":{"line":103,"column":12},"end":{"line":103,"column":null}},"40":{"start":{"line":103,"column":56},"end":{"line":103,"column":77}},"41":{"start":{"line":105,"column":9},"end":{"line":113,"column":null}},"42":{"start":{"line":106,"column":12},"end":{"line":112,"column":null}},"43":{"start":{"line":107,"column":15},"end":{"line":107,"column":null}},"44":{"start":{"line":108,"column":19},"end":{"line":112,"column":null}},"45":{"start":{"line":109,"column":15},"end":{"line":109,"column":null}},"46":{"start":{"line":110,"column":19},"end":{"line":112,"column":null}},"47":{"start":{"line":111,"column":15},"end":{"line":111,"column":null}},"48":{"start":{"line":116,"column":6},"end":{"line":121,"column":null}},"49":{"start":{"line":117,"column":23},"end":{"line":117,"column":70}},"50":{"start":{"line":118,"column":9},"end":{"line":120,"column":null}},"51":{"start":{"line":119,"column":12},"end":{"line":119,"column":null}},"52":{"start":{"line":123,"column":6},"end":{"line":126,"column":null}},"53":{"start":{"line":129,"column":3},"end":{"line":132,"column":null}},"54":{"start":{"line":130,"column":26},"end":{"line":130,"column":52}},"55":{"start":{"line":131,"column":6},"end":{"line":131,"column":null}},"56":{"start":{"line":131,"column":19},"end":{"line":131,"column":null}},"57":{"start":{"line":135,"column":6},"end":{"line":135,"column":null}},"58":{"start":{"line":136,"column":6},"end":{"line":139,"column":null}},"59":{"start":{"line":137,"column":22},"end":{"line":137,"column":45}},"60":{"start":{"line":138,"column":9},"end":{"line":138,"column":null}},"61":{"start":{"line":143,"column":21},"end":{"line":143,"column":54}},"62":{"start":{"line":144,"column":6},"end":{"line":144,"column":null}},"63":{"start":{"line":145,"column":6},"end":{"line":149,"column":null}},"64":{"start":{"line":146,"column":9},"end":{"line":148,"column":null}},"65":{"start":{"line":147,"column":12},"end":{"line":147,"column":null}},"66":{"start":{"line":153,"column":19},"end":{"line":153,"column":42}},"67":{"start":{"line":155,"column":6},"end":{"line":155,"column":null}},"68":{"start":{"line":156,"column":6},"end":{"line":158,"column":null}},"69":{"start":{"line":157,"column":9},"end":{"line":157,"column":null}},"70":{"start":{"line":162,"column":19},"end":{"line":162,"column":54}},"71":{"start":{"line":163,"column":6},"end":{"line":165,"column":null}},"72":{"start":{"line":164,"column":9},"end":{"line":164,"column":null}},"73":{"start":{"line":166,"column":6},"end":{"line":166,"column":null}},"74":{"start":{"line":170,"column":19},"end":{"line":170,"column":42}},"75":{"start":{"line":171,"column":6},"end":{"line":171,"column":null}},"76":{"start":{"line":172,"column":6},"end":{"line":172,"column":null}},"77":{"start":{"line":176,"column":21},"end":{"line":176,"column":54}},"78":{"start":{"line":177,"column":6},"end":{"line":177,"column":null}},"79":{"start":{"line":181,"column":19},"end":{"line":181,"column":42}},"80":{"start":{"line":182,"column":6},"end":{"line":182,"column":null}},"81":{"start":{"line":186,"column":19},"end":{"line":186,"column":42}},"82":{"start":{"line":187,"column":6},"end":{"line":187,"column":null}},"83":{"start":{"line":191,"column":6},"end":{"line":191,"column":null}},"84":{"start":{"line":195,"column":22},"end":{"line":195,"column":55}},"85":{"start":{"line":196,"column":6},"end":{"line":196,"column":null}},"86":{"start":{"line":200,"column":6},"end":{"line":200,"column":null}},"87":{"start":{"line":204,"column":6},"end":{"line":204,"column":null}},"88":{"start":{"line":208,"column":6},"end":{"line":208,"column":null}},"89":{"start":{"line":212,"column":24},"end":{"line":212,"column":49}},"90":{"start":{"line":214,"column":6},"end":{"line":214,"column":null}},"91":{"start":{"line":215,"column":6},"end":{"line":215,"column":null}},"92":{"start":{"line":216,"column":6},"end":{"line":216,"column":null}},"93":{"start":{"line":220,"column":6},"end":{"line":220,"column":null}},"94":{"start":{"line":221,"column":6},"end":{"line":221,"column":null}},"95":{"start":{"line":222,"column":6},"end":{"line":222,"column":null}},"96":{"start":{"line":226,"column":6},"end":{"line":228,"column":null}},"97":{"start":{"line":227,"column":9},"end":{"line":227,"column":null}},"98":{"start":{"line":231,"column":3},"end":{"line":231,"column":12}},"99":{"start":{"line":234,"column":6},"end":{"line":253,"column":null}},"100":{"start":{"line":234,"column":47},"end":{"line":253,"column":null}},"101":{"start":{"line":235,"column":9},"end":{"line":235,"column":null}},"102":{"start":{"line":236,"column":15},"end":{"line":236,"column":null}},"103":{"start":{"line":238,"column":16},"end":{"line":238,"column":23}},"104":{"start":{"line":239,"column":15},"end":{"line":239,"column":null}},"105":{"start":{"line":241,"column":12},"end":{"line":241,"column":null}},"106":{"start":{"line":243,"column":12},"end":{"line":243,"column":null}},"107":{"start":{"line":244,"column":12},"end":{"line":248,"column":null}},"108":{"start":{"line":250,"column":12},"end":{"line":251,"column":null}},"109":{"start":{"line":256,"column":3},"end":{"line":279,"column":null}},"110":{"start":{"line":14,"column":0},"end":{"line":14,"column":16}}},"fnMap":{"0":{"name":"useForm","decl":{"start":{"line":14,"column":16},"end":{"line":14,"column":23}},"loc":{"start":{"line":15,"column":21},"end":{"line":280,"column":1}}},"1":{"name":"setValue","decl":{"start":{"line":32,"column":18},"end":{"line":32,"column":26}},"loc":{"start":{"line":32,"column":37},"end":{"line":73,"column":null}}},"2":{"name":"setRefValue","decl":{"start":{"line":75,"column":12},"end":{"line":75,"column":23}},"loc":{"start":{"line":75,"column":44},"end":{"line":92,"column":4}}},"3":{"name":"register","decl":{"start":{"line":94,"column":12},"end":{"line":94,"column":20}},"loc":{"start":{"line":94,"column":33},"end":{"line":127,"column":4}}},"4":{"name":"(anonymous_28)","decl":{"start":{"line":97,"column":22},"end":{"line":97,"column":null}},"loc":{"start":{"line":97,"column":22},"end":{"line":114,"column":7}}},"5":{"name":"(anonymous_29)","decl":{"start":{"line":99,"column":51},"end":{"line":99,"column":52}},"loc":{"start":{"line":99,"column":52},"end":{"line":99,"column":64}}},"6":{"name":"(anonymous_30)","decl":{"start":{"line":101,"column":50},"end":{"line":101,"column":51}},"loc":{"start":{"line":101,"column":51},"end":{"line":101,"column":63}}},"7":{"name":"(anonymous_31)","decl":{"start":{"line":103,"column":51},"end":{"line":103,"column":52}},"loc":{"start":{"line":103,"column":52},"end":{"line":103,"column":73}}},"8":{"name":"(anonymous_32)","decl":{"start":{"line":105,"column":16},"end":{"line":105,"column":null}},"loc":{"start":{"line":105,"column":16},"end":{"line":113,"column":10}}},"9":{"name":"(anonymous_33)","decl":{"start":{"line":116,"column":22},"end":{"line":116,"column":null}},"loc":{"start":{"line":116,"column":22},"end":{"line":121,"column":7}}},"10":{"name":"(anonymous_34)","decl":{"start":{"line":129,"column":19},"end":{"line":129,"column":null}},"loc":{"start":{"line":129,"column":19},"end":{"line":132,"column":4}}},"11":{"name":"(anonymous_35)","decl":{"start":{"line":131,"column":13},"end":{"line":131,"column":19}},"loc":{"start":{"line":131,"column":13},"end":{"line":131,"column":30}}},"12":{"name":"resetFieldsValue","decl":{"start":{"line":134,"column":12},"end":{"line":134,"column":28}},"loc":{"start":{"line":134,"column":28},"end":{"line":140,"column":4}}},"13":{"name":"setFieldsValue","decl":{"start":{"line":142,"column":12},"end":{"line":142,"column":26}},"loc":{"start":{"line":142,"column":67},"end":{"line":150,"column":4}}},"14":{"name":"setFieldValue","decl":{"start":{"line":152,"column":12},"end":{"line":152,"column":25}},"loc":{"start":{"line":152,"column":51},"end":{"line":159,"column":4}}},"15":{"name":"handleChange","decl":{"start":{"line":161,"column":12},"end":{"line":161,"column":24}},"loc":{"start":{"line":161,"column":35},"end":{"line":167,"column":4}}},"16":{"name":"resetFieldValue","decl":{"start":{"line":169,"column":12},"end":{"line":169,"column":27}},"loc":{"start":{"line":169,"column":41},"end":{"line":173,"column":4}}},"17":{"name":"setFieldsError","decl":{"start":{"line":175,"column":12},"end":{"line":175,"column":26}},"loc":{"start":{"line":175,"column":67},"end":{"line":178,"column":4}}},"18":{"name":"setFieldError","decl":{"start":{"line":180,"column":12},"end":{"line":180,"column":25}},"loc":{"start":{"line":180,"column":54},"end":{"line":183,"column":4}}},"19":{"name":"resetFieldError","decl":{"start":{"line":185,"column":12},"end":{"line":185,"column":27}},"loc":{"start":{"line":185,"column":41},"end":{"line":188,"column":4}}},"20":{"name":"resetFieldsError","decl":{"start":{"line":190,"column":12},"end":{"line":190,"column":28}},"loc":{"start":{"line":190,"column":28},"end":{"line":192,"column":4}}},"21":{"name":"setFieldsTouched","decl":{"start":{"line":194,"column":12},"end":{"line":194,"column":28}},"loc":{"start":{"line":194,"column":70},"end":{"line":197,"column":4}}},"22":{"name":"resetFieldsTouched","decl":{"start":{"line":199,"column":12},"end":{"line":199,"column":30}},"loc":{"start":{"line":199,"column":30},"end":{"line":201,"column":4}}},"23":{"name":"setFieldTouched","decl":{"start":{"line":203,"column":12},"end":{"line":203,"column":27}},"loc":{"start":{"line":203,"column":41},"end":{"line":205,"column":4}}},"24":{"name":"resetFieldTouched","decl":{"start":{"line":207,"column":12},"end":{"line":207,"column":29}},"loc":{"start":{"line":207,"column":43},"end":{"line":209,"column":4}}},"25":{"name":"setForm","decl":{"start":{"line":211,"column":12},"end":{"line":211,"column":19}},"loc":{"start":{"line":211,"column":50},"end":{"line":217,"column":4}}},"26":{"name":"resetForm","decl":{"start":{"line":219,"column":12},"end":{"line":219,"column":21}},"loc":{"start":{"line":219,"column":21},"end":{"line":223,"column":4}}},"27":{"name":"makeAllTouched","decl":{"start":{"line":225,"column":12},"end":{"line":225,"column":26}},"loc":{"start":{"line":225,"column":26},"end":{"line":229,"column":4}}},"28":{"name":"onSubmit","decl":{"start":{"line":231,"column":12},"end":{"line":231,"column":20}},"loc":{"start":{"line":232,"column":71},"end":{"line":254,"column":4}}},"29":{"name":"(anonymous_53)","decl":{"start":{"line":234,"column":13},"end":{"line":234,"column":20}},"loc":{"start":{"line":234,"column":47},"end":{"line":253,"column":null}}},"30":{"name":"(anonymous_54)","decl":{"start":{"line":234,"column":47},"end":{"line":234,"column":null}},"loc":{"start":{"line":234,"column":47},"end":{"line":253,"column":null}}}},"branchMap":{"0":{"loc":{"start":{"line":18,"column":14},"end":{"line":18,"column":36}},"type":"cond-expr","locations":[{"start":{"line":18,"column":21},"end":{"line":18,"column":23}},{"start":{"line":18,"column":14},"end":{"line":18,"column":36}}]},"1":{"loc":{"start":{"line":18,"column":14},"end":{"line":18,"column":23}},"type":"binary-expr","locations":[{"start":{"line":18,"column":14},"end":{"line":18,"column":23}},{"start":{"line":18,"column":14},"end":{"line":18,"column":23}}]},"2":{"loc":{"start":{"line":19,"column":14},"end":{"line":19,"column":36}},"type":"cond-expr","locations":[{"start":{"line":19,"column":21},"end":{"line":19,"column":23}},{"start":{"line":19,"column":14},"end":{"line":19,"column":36}}]},"3":{"loc":{"start":{"line":19,"column":14},"end":{"line":19,"column":23}},"type":"binary-expr","locations":[{"start":{"line":19,"column":14},"end":{"line":19,"column":23}},{"start":{"line":19,"column":14},"end":{"line":19,"column":23}}]},"4":{"loc":{"start":{"line":20,"column":15},"end":{"line":20,"column":38}},"type":"cond-expr","locations":[{"start":{"line":20,"column":22},"end":{"line":20,"column":24}},{"start":{"line":20,"column":15},"end":{"line":20,"column":38}}]},"5":{"loc":{"start":{"line":20,"column":15},"end":{"line":20,"column":24}},"type":"binary-expr","locations":[{"start":{"line":20,"column":15},"end":{"line":20,"column":24}},{"start":{"line":20,"column":15},"end":{"line":20,"column":24}}]},"6":{"loc":{"start":{"line":61,"column":9},"end":{"line":65,"column":null}},"type":"switch","locations":[{"start":{"line":61,"column":9},"end":{"line":65,"column":null}}]},"7":{"loc":{"start":{"line":33,"column":31},"end":{"line":33,"column":56}},"type":"cond-expr","locations":[{"start":{"line":33,"column":38},"end":{"line":33,"column":40}},{"start":{"line":33,"column":31},"end":{"line":33,"column":56}}]},"8":{"loc":{"start":{"line":33,"column":31},"end":{"line":33,"column":40}},"type":"binary-expr","locations":[{"start":{"line":33,"column":31},"end":{"line":33,"column":40}},{"start":{"line":33,"column":31},"end":{"line":33,"column":40}}]},"9":{"loc":{"start":{"line":36,"column":24},"end":{"line":38,"column":39}},"type":"cond-expr","locations":[{"start":{"line":37,"column":11},"end":{"line":37,"column":29}},{"start":{"line":38,"column":11},"end":{"line":38,"column":39}}]},"10":{"loc":{"start":{"line":43,"column":9},"end":{"line":43,"column":64}},"type":"cond-expr","locations":[{"start":{"line":43,"column":41},"end":{"line":43,"column":52}},{"start":{"line":43,"column":55},"end":{"line":43,"column":64}}]},"11":{"loc":{"start":{"line":52,"column":13},"end":{"line":52,"column":29}},"type":"if","locations":[{"start":{"line":52,"column":13},"end":{"line":52,"column":29}}]},"12":{"loc":{"start":{"line":76,"column":6},"end":{"line":91,"column":null}},"type":"if","locations":[{"start":{"line":76,"column":6},"end":{"line":91,"column":null}},{"start":{"line":86,"column":13},"end":{"line":91,"column":null}}]},"13":{"loc":{"start":{"line":98,"column":9},"end":{"line":104,"column":null}},"type":"if","locations":[{"start":{"line":98,"column":9},"end":{"line":104,"column":null}},{"start":{"line":100,"column":16},"end":{"line":104,"column":null}}]},"14":{"loc":{"start":{"line":98,"column":13},"end":{"line":98,"column":26}},"type":"cond-expr","locations":[{"start":{"line":98,"column":20},"end":{"line":98,"column":22}},{"start":{"line":98,"column":13},"end":{"line":98,"column":26}}]},"15":{"loc":{"start":{"line":98,"column":13},"end":{"line":98,"column":22}},"type":"binary-expr","locations":[{"start":{"line":98,"column":13},"end":{"line":98,"column":22}},{"start":{"line":98,"column":13},"end":{"line":98,"column":22}}]},"16":{"loc":{"start":{"line":99,"column":12},"end":{"line":99,"column":68}},"type":"cond-expr","locations":[{"start":{"line":99,"column":23},"end":{"line":99,"column":25}},{"start":{"line":99,"column":23},"end":{"line":99,"column":68}}]},"17":{"loc":{"start":{"line":99,"column":12},"end":{"line":99,"column":25}},"type":"binary-expr","locations":[{"start":{"line":99,"column":12},"end":{"line":99,"column":25}},{"start":{"line":99,"column":23},"end":{"line":99,"column":25}}]},"18":{"loc":{"start":{"line":100,"column":16},"end":{"line":104,"column":null}},"type":"if","locations":[{"start":{"line":100,"column":16},"end":{"line":104,"column":null}},{"start":{"line":102,"column":16},"end":{"line":104,"column":null}}]},"19":{"loc":{"start":{"line":100,"column":20},"end":{"line":100,"column":33}},"type":"cond-expr","locations":[{"start":{"line":100,"column":27},"end":{"line":100,"column":29}},{"start":{"line":100,"column":20},"end":{"line":100,"column":33}}]},"20":{"loc":{"start":{"line":100,"column":20},"end":{"line":100,"column":29}},"type":"binary-expr","locations":[{"start":{"line":100,"column":20},"end":{"line":100,"column":29}},{"start":{"line":100,"column":20},"end":{"line":100,"column":29}}]},"21":{"loc":{"start":{"line":101,"column":12},"end":{"line":101,"column":67}},"type":"cond-expr","locations":[{"start":{"line":101,"column":23},"end":{"line":101,"column":25}},{"start":{"line":101,"column":23},"end":{"line":101,"column":67}}]},"22":{"loc":{"start":{"line":101,"column":12},"end":{"line":101,"column":25}},"type":"binary-expr","locations":[{"start":{"line":101,"column":12},"end":{"line":101,"column":25}},{"start":{"line":101,"column":23},"end":{"line":101,"column":25}}]},"23":{"loc":{"start":{"line":102,"column":16},"end":{"line":104,"column":null}},"type":"if","locations":[{"start":{"line":102,"column":16},"end":{"line":104,"column":null}}]},"24":{"loc":{"start":{"line":102,"column":20},"end":{"line":102,"column":33}},"type":"cond-expr","locations":[{"start":{"line":102,"column":27},"end":{"line":102,"column":29}},{"start":{"line":102,"column":20},"end":{"line":102,"column":33}}]},"25":{"loc":{"start":{"line":102,"column":20},"end":{"line":102,"column":29}},"type":"binary-expr","locations":[{"start":{"line":102,"column":20},"end":{"line":102,"column":29}},{"start":{"line":102,"column":20},"end":{"line":102,"column":29}}]},"26":{"loc":{"start":{"line":103,"column":12},"end":{"line":103,"column":77}},"type":"cond-expr","locations":[{"start":{"line":103,"column":23},"end":{"line":103,"column":25}},{"start":{"line":103,"column":23},"end":{"line":103,"column":77}}]},"27":{"loc":{"start":{"line":103,"column":12},"end":{"line":103,"column":25}},"type":"binary-expr","locations":[{"start":{"line":103,"column":12},"end":{"line":103,"column":25}},{"start":{"line":103,"column":23},"end":{"line":103,"column":25}}]},"28":{"loc":{"start":{"line":106,"column":12},"end":{"line":112,"column":null}},"type":"if","locations":[{"start":{"line":106,"column":12},"end":{"line":112,"column":null}},{"start":{"line":108,"column":19},"end":{"line":112,"column":null}}]},"29":{"loc":{"start":{"line":106,"column":16},"end":{"line":106,"column":29}},"type":"cond-expr","locations":[{"start":{"line":106,"column":23},"end":{"line":106,"column":25}},{"start":{"line":106,"column":16},"end":{"line":106,"column":29}}]},"30":{"loc":{"start":{"line":106,"column":16},"end":{"line":106,"column":25}},"type":"binary-expr","locations":[{"start":{"line":106,"column":16},"end":{"line":106,"column":25}},{"start":{"line":106,"column":16},"end":{"line":106,"column":25}}]},"31":{"loc":{"start":{"line":107,"column":15},"end":{"line":107,"column":66}},"type":"cond-expr","locations":[{"start":{"line":107,"column":26},"end":{"line":107,"column":28}},{"start":{"line":107,"column":26},"end":{"line":107,"column":66}}]},"32":{"loc":{"start":{"line":107,"column":15},"end":{"line":107,"column":28}},"type":"binary-expr","locations":[{"start":{"line":107,"column":15},"end":{"line":107,"column":28}},{"start":{"line":107,"column":26},"end":{"line":107,"column":28}}]},"33":{"loc":{"start":{"line":108,"column":19},"end":{"line":112,"column":null}},"type":"if","locations":[{"start":{"line":108,"column":19},"end":{"line":112,"column":null}},{"start":{"line":110,"column":19},"end":{"line":112,"column":null}}]},"34":{"loc":{"start":{"line":108,"column":23},"end":{"line":108,"column":36}},"type":"cond-expr","locations":[{"start":{"line":108,"column":30},"end":{"line":108,"column":32}},{"start":{"line":108,"column":23},"end":{"line":108,"column":36}}]},"35":{"loc":{"start":{"line":108,"column":23},"end":{"line":108,"column":32}},"type":"binary-expr","locations":[{"start":{"line":108,"column":23},"end":{"line":108,"column":32}},{"start":{"line":108,"column":23},"end":{"line":108,"column":32}}]},"36":{"loc":{"start":{"line":109,"column":15},"end":{"line":109,"column":65}},"type":"cond-expr","locations":[{"start":{"line":109,"column":26},"end":{"line":109,"column":28}},{"start":{"line":109,"column":26},"end":{"line":109,"column":65}}]},"37":{"loc":{"start":{"line":109,"column":15},"end":{"line":109,"column":28}},"type":"binary-expr","locations":[{"start":{"line":109,"column":15},"end":{"line":109,"column":28}},{"start":{"line":109,"column":26},"end":{"line":109,"column":28}}]},"38":{"loc":{"start":{"line":110,"column":19},"end":{"line":112,"column":null}},"type":"if","locations":[{"start":{"line":110,"column":19},"end":{"line":112,"column":null}}]},"39":{"loc":{"start":{"line":110,"column":23},"end":{"line":110,"column":36}},"type":"cond-expr","locations":[{"start":{"line":110,"column":30},"end":{"line":110,"column":32}},{"start":{"line":110,"column":23},"end":{"line":110,"column":36}}]},"40":{"loc":{"start":{"line":110,"column":23},"end":{"line":110,"column":32}},"type":"binary-expr","locations":[{"start":{"line":110,"column":23},"end":{"line":110,"column":32}},{"start":{"line":110,"column":23},"end":{"line":110,"column":32}}]},"41":{"loc":{"start":{"line":111,"column":15},"end":{"line":111,"column":75}},"type":"cond-expr","locations":[{"start":{"line":111,"column":26},"end":{"line":111,"column":28}},{"start":{"line":111,"column":26},"end":{"line":111,"column":75}}]},"42":{"loc":{"start":{"line":111,"column":15},"end":{"line":111,"column":28}},"type":"binary-expr","locations":[{"start":{"line":111,"column":15},"end":{"line":111,"column":28}},{"start":{"line":111,"column":26},"end":{"line":111,"column":28}}]},"43":{"loc":{"start":{"line":118,"column":9},"end":{"line":120,"column":null}},"type":"if","locations":[{"start":{"line":118,"column":9},"end":{"line":120,"column":null}}]},"44":{"loc":{"start":{"line":143,"column":40},"end":{"line":143,"column":53}},"type":"cond-expr","locations":[{"start":{"line":143,"column":45},"end":{"line":143,"column":47}},{"start":{"line":143,"column":40},"end":{"line":143,"column":53}}]},"45":{"loc":{"start":{"line":143,"column":40},"end":{"line":143,"column":47}},"type":"binary-expr","locations":[{"start":{"line":143,"column":40},"end":{"line":143,"column":47}},{"start":{"line":143,"column":40},"end":{"line":143,"column":47}}]},"46":{"loc":{"start":{"line":146,"column":9},"end":{"line":148,"column":null}},"type":"if","locations":[{"start":{"line":146,"column":9},"end":{"line":148,"column":null}}]},"47":{"loc":{"start":{"line":156,"column":6},"end":{"line":158,"column":null}},"type":"if","locations":[{"start":{"line":156,"column":6},"end":{"line":158,"column":null}}]},"48":{"loc":{"start":{"line":163,"column":6},"end":{"line":165,"column":null}},"type":"if","locations":[{"start":{"line":163,"column":6},"end":{"line":165,"column":null}}]},"49":{"loc":{"start":{"line":176,"column":40},"end":{"line":176,"column":53}},"type":"cond-expr","locations":[{"start":{"line":176,"column":45},"end":{"line":176,"column":47}},{"start":{"line":176,"column":40},"end":{"line":176,"column":53}}]},"50":{"loc":{"start":{"line":176,"column":40},"end":{"line":176,"column":47}},"type":"binary-expr","locations":[{"start":{"line":176,"column":40},"end":{"line":176,"column":47}},{"start":{"line":176,"column":40},"end":{"line":176,"column":47}}]},"51":{"loc":{"start":{"line":195,"column":41},"end":{"line":195,"column":54}},"type":"cond-expr","locations":[{"start":{"line":195,"column":46},"end":{"line":195,"column":48}},{"start":{"line":195,"column":41},"end":{"line":195,"column":54}}]},"52":{"loc":{"start":{"line":195,"column":41},"end":{"line":195,"column":48}},"type":"binary-expr","locations":[{"start":{"line":195,"column":41},"end":{"line":195,"column":48}},{"start":{"line":195,"column":41},"end":{"line":195,"column":48}}]},"53":{"loc":{"start":{"line":238,"column":16},"end":{"line":238,"column":23}},"type":"if","locations":[{"start":{"line":238,"column":16},"end":{"line":238,"column":23}}]},"54":{"loc":{"start":{"line":238,"column":16},"end":{"line":238,"column":41}},"type":"cond-expr","locations":[{"start":{"line":238,"column":23},"end":{"line":238,"column":25}},{"start":{"line":238,"column":16},"end":{"line":238,"column":41}}]},"55":{"loc":{"start":{"line":238,"column":16},"end":{"line":238,"column":25}},"type":"binary-expr","locations":[{"start":{"line":238,"column":16},"end":{"line":238,"column":25}},{"start":{"line":238,"column":16},"end":{"line":238,"column":25}}]},"56":{"loc":{"start":{"line":250,"column":12},"end":{"line":251,"column":null}},"type":"if","locations":[{"start":{"line":250,"column":12},"end":{"line":251,"column":null}}]},"57":{"loc":{"start":{"line":250,"column":16},"end":{"line":250,"column":29}},"type":"cond-expr","locations":[{"start":{"line":250,"column":23},"end":{"line":250,"column":25}},{"start":{"line":250,"column":16},"end":{"line":250,"column":29}}]},"58":{"loc":{"start":{"line":250,"column":16},"end":{"line":250,"column":25}},"type":"binary-expr","locations":[{"start":{"line":250,"column":16},"end":{"line":250,"column":25}},{"start":{"line":250,"column":16},"end":{"line":250,"column":25}}]}},"s":{"0":1,"1":1,"2":1,"3":1,"4":68,"5":68,"6":68,"7":68,"8":68,"9":68,"10":68,"11":15,"12":15,"13":15,"14":15,"15":15,"16":15,"17":30,"18":0,"19":0,"20":15,"21":0,"22":31,"23":0,"24":0,"25":0,"26":0,"27":0,"28":31,"29":31,"30":68,"31":68,"32":32,"33":30,"34":13,"35":2,"36":1,"37":1,"38":1,"39":1,"40":1,"41":32,"42":32,"43":30,"44":2,"45":1,"46":1,"47":1,"48":68,"49":32,"50":32,"51":31,"52":68,"53":68,"54":32,"55":32,"56":32,"57":1,"58":1,"59":1,"60":1,"61":5,"62":5,"63":5,"64":5,"65":5,"66":2,"67":2,"68":2,"69":2,"70":0,"71":0,"72":0,"73":0,"74":1,"75":1,"76":1,"77":5,"78":5,"79":2,"80":2,"81":1,"82":1,"83":1,"84":5,"85":5,"86":1,"87":2,"88":1,"89":2,"90":2,"91":2,"92":2,"93":1,"94":1,"95":1,"96":0,"97":0,"98":68,"99":68,"100":0,"101":0,"102":0,"103":0,"104":0,"105":0,"106":0,"107":0,"108":0,"109":68,"110":1},"f":{"0":68,"1":15,"2":31,"3":68,"4":32,"5":13,"6":1,"7":1,"8":32,"9":32,"10":32,"11":32,"12":1,"13":5,"14":2,"15":0,"16":1,"17":5,"18":2,"19":1,"20":1,"21":5,"22":1,"23":2,"24":1,"25":2,"26":1,"27":0,"28":68,"29":0,"30":0},"b":{"0":[0,68],"1":[68,68],"2":[0,68],"3":[68,68],"4":[0,68],"5":[68,68],"6":[15],"7":[0,15],"8":[15,15],"9":[12,3],"10":[0,15],"11":[15],"12":[0,31],"13":[30,2],"14":[0,32],"15":[32,32],"16":[0,30],"17":[30,30],"18":[1,1],"19":[0,2],"20":[2,2],"21":[0,1],"22":[1,1],"23":[1],"24":[0,1],"25":[1,1],"26":[0,1],"27":[1,1],"28":[30,2],"29":[0,32],"30":[32,32],"31":[0,30],"32":[30,30],"33":[1,1],"34":[0,2],"35":[2,2],"36":[0,1],"37":[1,1],"38":[1],"39":[0,1],"40":[1,1],"41":[0,1],"42":[1,1],"43":[31],"44":[0,5],"45":[5,5],"46":[5],"47":[2],"48":[0],"49":[0,5],"50":[5,5],"51":[0,5],"52":[5,5],"53":[0],"54":[0,0],"55":[0,0],"56":[0],"57":[0,0],"58":[0,0]}}
,"/Volumes/Files/javascript/use-form/src/hooks/useStateCallback.ts": {"path":"/Volumes/Files/javascript/use-form/src/hooks/useStateCallback.ts","statementMap":{"0":{"start":{"line":1,"column":0},"end":{"line":1,"column":25}},"1":{"start":{"line":9,"column":29},"end":{"line":9,"column":57}},"2":{"start":{"line":9,"column":15},"end":{"line":9,"column":17}},"3":{"start":{"line":9,"column":25},"end":{"line":9,"column":29}},"4":{"start":{"line":11,"column":3},"end":{"line":13,"column":null}},"5":{"start":{"line":12,"column":6},"end":{"line":12,"column":null}},"6":{"start":{"line":15,"column":3},"end":{"line":15,"column":null}},"7":{"start":{"line":5,"column":0},"end":{"line":5,"column":16}}},"fnMap":{"0":{"name":"useStateCallback","decl":{"start":{"line":5,"column":16},"end":{"line":5,"column":32}},"loc":{"start":{"line":7,"column":31},"end":{"line":16,"column":1}}},"1":{"name":"(anonymous_2)","decl":{"start":{"line":11,"column":19},"end":{"line":11,"column":null}},"loc":{"start":{"line":11,"column":19},"end":{"line":13,"column":4}}}},"branchMap":{},"s":{"0":1,"1":0,"2":0,"3":0,"4":0,"5":0,"6":0,"7":1},"f":{"0":0,"1":0},"b":{}}
,"/Volumes/Files/javascript/use-form/src/hooks/useValidation.ts": {"path":"/Volumes/Files/javascript/use-form/src/hooks/useValidation.ts","statementMap":{"0":{"start":{"line":1,"column":0},"end":{"line":1,"column":25}},"1":{"start":{"line":3,"column":0},"end":{"line":3,"column":42}},"2":{"start":{"line":4,"column":0},"end":{"line":4,"column":42}},"3":{"start":{"line":10,"column":31},"end":{"line":10,"column":69}},"4":{"start":{"line":10,"column":16},"end":{"line":10,"column":18}},"5":{"start":{"line":10,"column":27},"end":{"line":10,"column":31}},"6":{"start":{"line":12,"column":20},"end":{"line":27,"column":23}},"7":{"start":{"line":13,"column":6},"end":{"line":26,"column":null}},"8":{"start":{"line":16,"column":12},"end":{"line":16,"column":null}},"9":{"start":{"line":19,"column":25},"end":{"line":19,"column":27}},"10":{"start":{"line":20,"column":12},"end":{"line":24,"column":null}},"11":{"start":{"line":21,"column":28},"end":{"line":21,"column":53}},"12":{"start":{"line":23,"column":15},"end":{"line":23,"column":null}},"13":{"start":{"line":25,"column":12},"end":{"line":25,"column":null}},"14":{"start":{"line":29,"column":3},"end":{"line":31,"column":null}},"15":{"start":{"line":30,"column":6},"end":{"line":30,"column":null}},"16":{"start":{"line":33,"column":3},"end":{"line":33,"column":null}},"17":{"start":{"line":6,"column":0},"end":{"line":6,"column":16}}},"fnMap":{"0":{"name":"useValidation","decl":{"start":{"line":6,"column":16},"end":{"line":6,"column":29}},"loc":{"start":{"line":9,"column":34},"end":{"line":34,"column":1}}},"1":{"name":"(anonymous_10)","decl":{"start":{"line":12,"column":38},"end":{"line":12,"column":null}},"loc":{"start":{"line":12,"column":38},"end":{"line":27,"column":4}}},"2":{"name":"(anonymous_11)","decl":{"start":{"line":15,"column":15},"end":{"line":15,"column":null}},"loc":{"start":{"line":15,"column":15},"end":{"line":17,"column":10}}},"3":{"name":"(anonymous_12)","decl":{"start":{"line":18,"column":16},"end":{"line":18,"column":17}},"loc":{"start":{"line":18,"column":35},"end":{"line":26,"column":10}}},"4":{"name":"(anonymous_13)","decl":{"start":{"line":20,"column":28},"end":{"line":20,"column":31}},"loc":{"start":{"line":20,"column":31},"end":{"line":24,"column":13}}},"5":{"name":"(anonymous_14)","decl":{"start":{"line":29,"column":19},"end":{"line":29,"column":null}},"loc":{"start":{"line":29,"column":19},"end":{"line":31,"column":4}}}},"branchMap":{"0":{"loc":{"start":{"line":13,"column":6},"end":{"line":26,"column":11}},"type":"cond-expr","locations":[{"start":{"line":13,"column":12},"end":{"line":13,"column":null}},{"start":{"line":13,"column":6},"end":{"line":26,"column":11}}]},"1":{"loc":{"start":{"line":13,"column":6},"end":{"line":13,"column":null}},"type":"binary-expr","locations":[{"start":{"line":13,"column":6},"end":{"line":13,"column":null}},{"start":{"line":13,"column":6},"end":{"line":13,"column":null}}]}},"s":{"0":1,"1":1,"2":1,"3":0,"4":0,"5":0,"6":0,"7":0,"8":0,"9":0,"10":0,"11":0,"12":0,"13":0,"14":0,"15":0,"16":0,"17":1},"f":{"0":0,"1":0,"2":0,"3":0,"4":0,"5":0},"b":{"0":[0,0],"1":[0,0]}}
,"/Volumes/Files/javascript/use-form/src/utils/dot-prop.ts": {"path":"/Volumes/Files/javascript/use-form/src/utils/dot-prop.ts","statementMap":{"0":{"start":{"line":2,"column":3},"end":{"line":7,"column":null}},"1":{"start":{"line":7,"column":29},"end":{"line":7,"column":33}},"2":{"start":{"line":11,"column":3},"end":{"line":15,"column":null}},"3":{"start":{"line":23,"column":17},"end":{"line":23,"column":33}},"4":{"start":{"line":25,"column":29},"end":{"line":25,"column":54}},"5":{"start":{"line":26,"column":18},"end":{"line":26,"column":43}},"6":{"start":{"line":28,"column":6},"end":{"line":36,"column":null}},"7":{"start":{"line":29,"column":9},"end":{"line":32,"column":null}},"8":{"start":{"line":30,"column":12},"end":{"line":30,"column":null}},"9":{"start":{"line":31,"column":12},"end":{"line":31,"column":null}},"10":{"start":{"line":33,"column":9},"end":{"line":33,"column":null}},"11":{"start":{"line":35,"column":9},"end":{"line":35,"column":null}},"12":{"start":{"line":37,"column":6},"end":{"line":37,"column":null}},"13":{"start":{"line":40,"column":3},"end":{"line":40,"column":null}},"14":{"start":{"line":18,"column":0},"end":{"line":18,"column":16}},"15":{"start":{"line":44,"column":17},"end":{"line":44,"column":33}},"16":{"start":{"line":47,"column":23},"end":{"line":47,"column":48}},"17":{"start":{"line":49,"column":6},"end":{"line":62,"column":null}},"18":{"start":{"line":50,"column":9},"end":{"line":55,"column":null}},"19":{"start":{"line":51,"column":12},"end":{"line":51,"column":null}},"20":{"start":{"line":52,"column":12},"end":{"line":52,"column":null}},"21":{"start":{"line":53,"column":12},"end":{"line":53,"column":null}},"22":{"start":{"line":54,"column":12},"end":{"line":54,"column":null}},"23":{"start":{"line":56,"column":24},"end":{"line":56,"column":76}},"24":{"start":{"line":57,"column":9},"end":{"line":59,"column":null}},"25":{"start":{"line":61,"column":9},"end":{"line":61,"column":null}},"26":{"start":{"line":63,"column":6},"end":{"line":63,"column":null}},"27":{"start":{"line":66,"column":3},"end":{"line":66,"column":null}},"28":{"start":{"line":43,"column":0},"end":{"line":43,"column":16}},"29":{"start":{"line":70,"column":17},"end":{"line":70,"column":33}},"30":{"start":{"line":72,"column":29},"end":{"line":72,"column":50}},"31":{"start":{"line":73,"column":20},"end":{"line":73,"column":45}},"32":{"start":{"line":74,"column":6},"end":{"line":81,"column":null}},"33":{"start":{"line":75,"column":9},"end":{"line":79,"column":null}},"34":{"start":{"line":76,"column":12},"end":{"line":76,"column":null}},"35":{"start":{"line":77,"column":16},"end":{"line":79,"column":null}},"36":{"start":{"line":78,"column":12},"end":{"line":78,"column":null}},"37":{"start":{"line":80,"column":9},"end":{"line":80,"column":null}},"38":{"start":{"line":82,"column":6},"end":{"line":82,"column":null}},"39":{"start":{"line":85,"column":3},"end":{"line":85,"column":null}},"40":{"start":{"line":69,"column":0},"end":{"line":69,"column":16}},"41":{"start":{"line":93,"column":23},"end":{"line":93,"column":47}},"42":{"start":{"line":94,"column":3},"end":{"line":96,"column":null}},"43":{"start":{"line":95,"column":6},"end":{"line":95,"column":null}},"44":{"start":{"line":98,"column":3},"end":{"line":104,"column":null}},"45":{"start":{"line":99,"column":6},"end":{"line":101,"column":null}},"46":{"start":{"line":100,"column":9},"end":{"line":100,"column":null}},"47":{"start":{"line":102,"column":26},"end":{"line":102,"column":51}},"48":{"start":{"line":103,"column":6},"end":{"line":103,"column":null}},"49":{"start":{"line":106,"column":23},"end":{"line":106,"column":56}},"50":{"start":{"line":108,"column":3},"end":{"line":108,"column":null}},"51":{"start":{"line":88,"column":0},"end":{"line":88,"column":16}}},"fnMap":{"0":{"name":"propToPath","decl":{"start":{"line":1,"column":9},"end":{"line":1,"column":19}},"loc":{"start":{"line":1,"column":29},"end":{"line":8,"column":1}}},"1":{"name":"(anonymous_1)","decl":{"start":{"line":7,"column":14},"end":{"line":7,"column":15}},"loc":{"start":{"line":7,"column":24},"end":{"line":7,"column":30}}},"2":{"name":"isPrimitive","decl":{"start":{"line":10,"column":9},"end":{"line":10,"column":20}},"loc":{"start":{"line":10,"column":31},"end":{"line":16,"column":1}}},"3":{"name":"set","decl":{"start":{"line":18,"column":16},"end":{"line":18,"column":19}},"loc":{"start":{"line":21,"column":13},"end":{"line":41,"column":1}}},"4":{"name":"setPropertyValue","decl":{"start":{"line":25,"column":12},"end":{"line":25,"column":28}},"loc":{"start":{"line":25,"column":67},"end":{"line":38,"column":4}}},"5":{"name":"del","decl":{"start":{"line":43,"column":16},"end":{"line":43,"column":19}},"loc":{"start":{"line":43,"column":68},"end":{"line":67,"column":1}}},"6":{"name":"deletePropertyValue","decl":{"start":{"line":46,"column":12},"end":{"line":46,"column":31}},"loc":{"start":{"line":46,"column":61},"end":{"line":64,"column":4}}},"7":{"name":"get","decl":{"start":{"line":69,"column":16},"end":{"line":69,"column":19}},"loc":{"start":{"line":69,"column":68},"end":{"line":86,"column":1}}},"8":{"name":"getPropertyValue","decl":{"start":{"line":72,"column":12},"end":{"line":72,"column":28}},"loc":{"start":{"line":72,"column":63},"end":{"line":83,"column":4}}},"9":{"name":"merge","decl":{"start":{"line":88,"column":16},"end":{"line":88,"column":21}},"loc":{"start":{"line":91,"column":13},"end":{"line":109,"column":1}}}},"branchMap":{"0":{"loc":{"start":{"line":12,"column":6},"end":{"line":14,"column":32}},"type":"binary-expr","locations":[{"start":{"line":12,"column":6},"end":{"line":12,"column":31}},{"start":{"line":13,"column":6},"end":{"line":13,"column":31}},{"start":{"line":14,"column":6},"end":{"line":14,"column":32}}]},"1":{"loc":{"start":{"line":25,"column":29},"end":{"line":25,"column":54}},"type":"if","locations":[{"start":{"line":25,"column":29},"end":{"line":25,"column":54}}]},"2":{"loc":{"start":{"line":28,"column":6},"end":{"line":36,"column":null}},"type":"if","locations":[{"start":{"line":28,"column":6},"end":{"line":36,"column":null}}]},"3":{"loc":{"start":{"line":29,"column":9},"end":{"line":32,"column":null}},"type":"if","locations":[{"start":{"line":29,"column":9},"end":{"line":32,"column":null}}]},"4":{"loc":{"start":{"line":49,"column":6},"end":{"line":62,"column":null}},"type":"if","locations":[{"start":{"line":49,"column":6},"end":{"line":62,"column":null}}]},"5":{"loc":{"start":{"line":50,"column":9},"end":{"line":55,"column":null}},"type":"if","locations":[{"start":{"line":50,"column":9},"end":{"line":55,"column":null}}]},"6":{"loc":{"start":{"line":57,"column":9},"end":{"line":59,"column":44}},"type":"cond-expr","locations":[{"start":{"line":58,"column":14},"end":{"line":58,"column":40}},{"start":{"line":59,"column":15},"end":{"line":59,"column":43}}]},"7":{"loc":{"start":{"line":72,"column":29},"end":{"line":72,"column":50}},"type":"if","locations":[{"start":{"line":72,"column":29},"end":{"line":72,"column":50}}]},"8":{"loc":{"start":{"line":74,"column":6},"end":{"line":81,"column":null}},"type":"if","locations":[{"start":{"line":74,"column":6},"end":{"line":81,"column":null}}]},"9":{"loc":{"start":{"line":75,"column":9},"end":{"line":79,"column":null}},"type":"if","locations":[{"start":{"line":75,"column":9},"end":{"line":79,"column":null}},{"start":{"line":77,"column":16},"end":{"line":79,"column":null}}]},"10":{"loc":{"start":{"line":77,"column":16},"end":{"line":79,"column":null}},"type":"if","locations":[{"start":{"line":77,"column":16},"end":{"line":79,"column":null}}]},"11":{"loc":{"start":{"line":94,"column":3},"end":{"line":96,"column":null}},"type":"if","locations":[{"start":{"line":94,"column":3},"end":{"line":96,"column":null}}]},"12":{"loc":{"start":{"line":94,"column":7},"end":{"line":94,"column":63}},"type":"binary-expr","locations":[{"start":{"line":94,"column":7},"end":{"line":94,"column":41}},{"start":{"line":94,"column":45},"end":{"line":94,"column":63}}]},"13":{"loc":{"start":{"line":98,"column":3},"end":{"line":104,"column":null}},"type":"if","locations":[{"start":{"line":98,"column":3},"end":{"line":104,"column":null}}]},"14":{"loc":{"start":{"line":99,"column":6},"end":{"line":101,"column":null}},"type":"if","locations":[{"start":{"line":99,"column":6},"end":{"line":101,"column":null}}]}},"s":{"0":128,"1":234,"2":0,"3":56,"4":151,"5":151,"6":151,"7":95,"8":0,"9":0,"10":95,"11":95,"12":56,"13":56,"14":2,"15":0,"16":0,"17":0,"18":0,"19":0,"20":0,"21":0,"22":0,"23":0,"24":0,"25":0,"26":0,"27":0,"28":2,"29":72,"30":139,"31":139,"32":139,"33":72,"34":0,"35":72,"36":10,"37":62,"38":67,"39":72,"40":2,"41":0,"42":0,"43":0,"44":0,"45":0,"46":0,"47":0,"48":0,"49":0,"50":0,"51":2},"f":{"0":128,"1":234,"2":0,"3":56,"4":151,"5":0,"6":0,"7":72,"8":139,"9":0},"b":{"0":[0,0,0],"1":[0],"2":[95],"3":[0],"4":[0],"5":[0],"6":[0,0],"7":[0],"8":[72],"9":[0,72],"10":[10],"11":[0],"12":[0,0],"13":[0],"14":[0]}}
,"/Volumes/Files/javascript/use-form/src/utils/index.ts": {"path":"/Volumes/Files/javascript/use-form/src/utils/index.ts","statementMap":{"0":{"start":{"line":2,"column":0},"end":{"line":2,"column":33}},"1":{"start":{"line":4,"column":23},"end":{"line":4,"column":45}},"2":{"start":{"line":4,"column":41},"end":{"line":4,"column":null}},"3":{"start":{"line":4,"column":13},"end":{"line":4,"column":23}},"4":{"start":{"line":6,"column":26},"end":{"line":6,"column":48}},"5":{"start":{"line":6,"column":44},"end":{"line":6,"column":null}},"6":{"start":{"line":6,"column":13},"end":{"line":6,"column":26}},"7":{"start":{"line":8,"column":0},"end":{"line":8,"column":16}},"8":{"start":{"line":16,"column":3},"end":{"line":31,"column":null}},"9":{"start":{"line":16,"column":18},"end":{"line":16,"column":39}},"10":{"start":{"line":17,"column":22},"end":{"line":17,"column":26}},"11":{"start":{"line":19,"column":20},"end":{"line":22,"column":7}},"12":{"start":{"line":20,"column":9},"end":{"line":20,"column":null}},"13":{"start":{"line":21,"column":9},"end":{"line":21,"column":null}},"14":{"start":{"line":21,"column":25},"end":{"line":21,"column":null}},"15":{"start":{"line":24,"column":22},"end":{"line":24,"column":43}},"16":{"start":{"line":25,"column":6},"end":{"line":25,"column":null}},"17":{"start":{"line":26,"column":6},"end":{"line":26,"column":null}},"18":{"start":{"line":28,"column":6},"end":{"line":30,"column":null}},"19":{"start":{"line":29,"column":9},"end":{"line":29,"column":null}},"20":{"start":{"line":35,"column":3},"end":{"line":35,"column":null}},"21":{"start":{"line":34,"column":0},"end":{"line":34,"column":16}},"22":{"start":{"line":39,"column":21},"end":{"line":39,"column":68}},"23":{"start":{"line":40,"column":3},"end":{"line":40,"column":null}},"24":{"start":{"line":38,"column":0},"end":{"line":38,"column":16}},"25":{"start":{"line":47,"column":3},"end":{"line":57,"column":null}},"26":{"start":{"line":50,"column":9},"end":{"line":50,"column":null}},"27":{"start":{"line":53,"column":9},"end":{"line":56,"column":null}},"28":{"start":{"line":54,"column":25},"end":{"line":54,"column":50}},"29":{"start":{"line":55,"column":12},"end":{"line":55,"column":null}},"30":{"start":{"line":43,"column":0},"end":{"line":43,"column":16}}},"fnMap":{"0":{"name":"(anonymous_6)","decl":{"start":{"line":4,"column":23},"end":{"line":4,"column":24}},"loc":{"start":{"line":4,"column":36},"end":{"line":4,"column":45}}},"1":{"name":"(anonymous_7)","decl":{"start":{"line":6,"column":26},"end":{"line":6,"column":27}},"loc":{"start":{"line":6,"column":39},"end":{"line":6,"column":48}}},"2":{"name":"debounce","decl":{"start":{"line":8,"column":16},"end":{"line":8,"column":24}},"loc":{"start":{"line":12,"column":22},"end":{"line":32,"column":1}}},"3":{"name":"(anonymous_9)","decl":{"start":{"line":16,"column":10},"end":{"line":16,"column":18}},"loc":{"start":{"line":16,"column":10},"end":{"line":31,"column":4}}},"4":{"name":"(anonymous_10)","decl":{"start":{"line":19,"column":20},"end":{"line":19,"column":null}},"loc":{"start":{"line":19,"column":20},"end":{"line":22,"column":7}}},"5":{"name":"makeDotNotation","decl":{"start":{"line":34,"column":16},"end":{"line":34,"column":31}},"loc":{"start":{"line":34,"column":43},"end":{"line":36,"column":1}}},"6":{"name":"getNextState","decl":{"start":{"line":38,"column":16},"end":{"line":38,"column":28}},"loc":{"start":{"line":38,"column":50},"end":{"line":41,"column":1}}},"7":{"name":"validate","decl":{"start":{"line":43,"column":16},"end":{"line":43,"column":24}},"loc":{"start":{"line":45,"column":36},"end":{"line":58,"column":1}}},"8":{"name":"(anonymous_14)","decl":{"start":{"line":49,"column":12},"end":{"line":49,"column":null}},"loc":{"start":{"line":49,"column":12},"end":{"line":51,"column":7}}},"9":{"name":"(anonymous_15)","decl":{"start":{"line":52,"column":13},"end":{"line":52,"column":14}},"loc":{"start":{"line":52,"column":32},"end":{"line":57,"column":7}}},"10":{"name":"(anonymous_16)","decl":{"start":{"line":53,"column":30},"end":{"line":53,"column":31}},"loc":{"start":{"line":53,"column":39},"end":{"line":56,"column":10}}}},"branchMap":{"0":{"loc":{"start":{"line":21,"column":9},"end":{"line":21,"column":null}},"type":"if","locations":[{"start":{"line":21,"column":9},"end":{"line":21,"column":null}}]},"1":{"loc":{"start":{"line":24,"column":22},"end":{"line":24,"column":43}},"type":"binary-expr","locations":[{"start":{"line":24,"column":22},"end":{"line":24,"column":31}},{"start":{"line":24,"column":35},"end":{"line":24,"column":43}}]},"2":{"loc":{"start":{"line":28,"column":6},"end":{"line":30,"column":null}},"type":"if","locations":[{"start":{"line":28,"column":6},"end":{"line":30,"column":null}}]},"3":{"loc":{"start":{"line":39,"column":21},"end":{"line":39,"column":68}},"type":"cond-expr","locations":[{"start":{"line":39,"column":50},"end":{"line":39,"column":61}},{"start":{"line":39,"column":64},"end":{"line":39,"column":68}}]},"4":{"loc":{"start":{"line":47,"column":10},"end":{"line":57,"column":8}},"type":"cond-expr","locations":[{"start":{"line":47,"column":26},"end":{"line":47,"column":null}},{"start":{"line":47,"column":10},"end":{"line":57,"column":8}}]},"5":{"loc":{"start":{"line":47,"column":10},"end":{"line":47,"column":null}},"type":"binary-expr","locations":[{"start":{"line":47,"column":10},"end":{"line":47,"column":null}},{"start":{"line":47,"column":10},"end":{"line":47,"column":null}}]}},"s":{"0":2,"1":2,"2":0,"3":2,"4":2,"5":15,"6":2,"7":72,"8":70,"9":7,"10":3,"11":3,"12":3,"13":3,"14":2,"15":3,"16":3,"17":3,"18":3,"19":1,"20":0,"21":2,"22":17,"23":17,"24":2,"25":0,"26":0,"27":0,"28":0,"29":0,"30":2},"f":{"0":0,"1":15,"2":70,"3":3,"4":3,"5":0,"6":17,"7":0,"8":0,"9":0,"10":0},"b":{"0":[2],"1":[3,1],"2":[1],"3":[0,17],"4":[0,0],"5":[0,0]}}
}
