TN:
SF:src/index.ts
FNF:0
FNH:0
DA:1,1
DA:2,1
DA:3,1
DA:4,1
DA:5,1
LF:5
LH:5
BRF:0
BRH:0
end_of_record
TN:
SF:src/core/contextForm.ts
FNF:0
FNH:0
DA:1,1
DA:4,1
DA:8,1
DA:10,1
LF:4
LH:4
BRF:0
BRH:0
end_of_record
TN:
SF:src/core/observable.ts
FN:7,createState
FN:13,get
FN:17,subscribe
FN:20,(anonymous_10)
FN:21,(anonymous_11)
FN:25,set
FN:31,patch
FN:37,getPropertyValue
FN:41,getInitialPropertyValue
FN:45,getInitialState
FN:49,notify
FN:50,(anonymous_18)
FNF:12
FNH:12
FNDA:68,createState
FNDA:57,get
FNDA:32,subscribe
FNDA:32,(anonymous_10)
FNDA:32,(anonymous_11)
FNDA:16,set
FNDA:26,patch
FNDA:63,getPropertyValue
FNDA:4,getInitialPropertyValue
FNDA:6,getInitialState
FNDA:42,notify
FNDA:42,(anonymous_18)
DA:2,1
DA:7,1
DA:8,68
DA:10,68
DA:11,68
DA:14,57
DA:18,32
DA:20,32
DA:21,32
DA:26,16
DA:28,16
DA:32,26
DA:33,26
DA:34,26
DA:38,63
DA:42,4
DA:46,6
DA:50,42
DA:51,42
DA:55,68
LF:20
LH:20
BRDA:8,0,0,0
BRF:1
BRH:0
end_of_record
TN:
SF:src/hooks/useContextForm.ts
FN:5,useFormContext
FNF:1
FNH:0
FNDA:0,useFormContext
DA:1,1
DA:2,1
DA:5,1
DA:6,0
DA:8,0
LF:5
LH:3
BRF:0
BRH:0
end_of_record
TN:
SF:src/hooks/useForm.ts
FN:14,useForm
FN:32,setValue
FN:75,setRefValue
FN:94,register
FN:97,(anonymous_28)
FN:99,(anonymous_29)
FN:101,(anonymous_30)
FN:103,(anonymous_31)
FN:105,(anonymous_32)
FN:116,(anonymous_33)
FN:129,(anonymous_34)
FN:131,(anonymous_35)
FN:134,resetFieldsValue
FN:142,setFieldsValue
FN:152,setFieldValue
FN:161,handleChange
FN:169,resetFieldValue
FN:175,setFieldsError
FN:180,setFieldError
FN:185,resetFieldError
FN:190,resetFieldsError
FN:194,setFieldsTouched
FN:199,resetFieldsTouched
FN:203,setFieldTouched
FN:207,resetFieldTouched
FN:211,setForm
FN:219,resetForm
FN:225,makeAllTouched
FN:231,onSubmit
FN:234,(anonymous_53)
FN:234,(anonymous_54)
FNF:31
FNH:27
FNDA:68,useForm
FNDA:15,setValue
FNDA:31,setRefValue
FNDA:68,register
FNDA:32,(anonymous_28)
FNDA:13,(anonymous_29)
FNDA:1,(anonymous_30)
FNDA:1,(anonymous_31)
FNDA:32,(anonymous_32)
FNDA:32,(anonymous_33)
FNDA:32,(anonymous_34)
FNDA:32,(anonymous_35)
FNDA:1,resetFieldsValue
FNDA:5,setFieldsValue
FNDA:2,setFieldValue
FNDA:0,handleChange
FNDA:1,resetFieldValue
FNDA:5,setFieldsError
FNDA:2,setFieldError
FNDA:1,resetFieldError
FNDA:1,resetFieldsError
FNDA:5,setFieldsTouched
FNDA:1,resetFieldsTouched
FNDA:2,setFieldTouched
FNDA:1,resetFieldTouched
FNDA:2,setForm
FNDA:1,resetForm
FNDA:0,makeAllTouched
FNDA:68,onSubmit
FNDA:0,(anonymous_53)
FNDA:0,(anonymous_54)
DA:1,1
DA:2,1
DA:11,1
DA:12,1
DA:14,1
DA:17,68
DA:22,68
DA:25,68
DA:29,68
DA:30,68
DA:33,15
DA:34,15
DA:35,15
DA:36,15
DA:40,15
DA:45,15
DA:52,30
DA:53,0
DA:54,0
DA:61,15
DA:67,0
DA:76,31
DA:77,0
DA:83,0
DA:84,0
DA:87,31
DA:88,31
DA:95,68
DA:97,68
DA:98,32
DA:99,30
DA:100,2
DA:101,1
DA:102,1
DA:103,1
DA:105,32
DA:106,32
DA:107,30
DA:108,2
DA:109,1
DA:110,1
DA:111,1
DA:116,68
DA:117,32
DA:118,32
DA:119,31
DA:123,68
DA:129,68
DA:130,32
DA:131,32
DA:135,1
DA:136,1
DA:137,1
DA:138,1
DA:143,5
DA:144,5
DA:145,5
DA:146,5
DA:147,5
DA:153,2
DA:155,2
DA:156,2
DA:157,2
DA:162,0
DA:163,0
DA:164,0
DA:166,0
DA:170,1
DA:171,1
DA:172,1
DA:176,5
DA:177,5
DA:181,2
DA:182,2
DA:186,1
DA:187,1
DA:191,1
DA:195,5
DA:196,5
DA:200,1
DA:204,2
DA:208,1
DA:212,2
DA:214,2
DA:215,2
DA:216,2
DA:220,1
DA:221,1
DA:222,1
DA:226,0
DA:227,0
DA:231,68
DA:234,68
DA:235,0
DA:236,0
DA:238,0
DA:239,0
DA:241,0
DA:243,0
DA:244,0
DA:250,0
DA:256,68
LF:102
LH:82
BRDA:18,0,0,0
BRDA:18,0,1,68
BRDA:18,1,0,68
BRDA:18,1,1,68
BRDA:19,2,0,0
BRDA:19,2,1,68
BRDA:19,3,0,68
BRDA:19,3,1,68
BRDA:20,4,0,0
BRDA:20,4,1,68
BRDA:20,5,0,68
BRDA:20,5,1,68
BRDA:61,6,0,15
BRDA:33,7,0,0
BRDA:33,7,1,15
BRDA:33,8,0,15
BRDA:33,8,1,15
BRDA:36,9,0,12
BRDA:36,9,1,3
BRDA:43,10,0,0
BRDA:43,10,1,15
BRDA:52,11,0,15
BRDA:76,12,0,0
BRDA:76,12,1,31
BRDA:98,13,0,30
BRDA:98,13,1,2
BRDA:98,14,0,0
BRDA:98,14,1,32
BRDA:98,15,0,32
BRDA:98,15,1,32
BRDA:99,16,0,0
BRDA:99,16,1,30
BRDA:99,17,0,30
BRDA:99,17,1,30
BRDA:100,18,0,1
BRDA:100,18,1,1
BRDA:100,19,0,0
BRDA:100,19,1,2
BRDA:100,20,0,2
BRDA:100,20,1,2
BRDA:101,21,0,0
BRDA:101,21,1,1
BRDA:101,22,0,1
BRDA:101,22,1,1
BRDA:102,23,0,1
BRDA:102,24,0,0
BRDA:102,24,1,1
BRDA:102,25,0,1
BRDA:102,25,1,1
BRDA:103,26,0,0
BRDA:103,26,1,1
BRDA:103,27,0,1
BRDA:103,27,1,1
BRDA:106,28,0,30
BRDA:106,28,1,2
BRDA:106,29,0,0
BRDA:106,29,1,32
BRDA:106,30,0,32
BRDA:106,30,1,32
BRDA:107,31,0,0
BRDA:107,31,1,30
BRDA:107,32,0,30
BRDA:107,32,1,30
BRDA:108,33,0,1
BRDA:108,33,1,1
BRDA:108,34,0,0
BRDA:108,34,1,2
BRDA:108,35,0,2
BRDA:108,35,1,2
BRDA:109,36,0,0
BRDA:109,36,1,1
BRDA:109,37,0,1
BRDA:109,37,1,1
BRDA:110,38,0,1
BRDA:110,39,0,0
BRDA:110,39,1,1
BRDA:110,40,0,1
BRDA:110,40,1,1
BRDA:111,41,0,0
BRDA:111,41,1,1
BRDA:111,42,0,1
BRDA:111,42,1,1
BRDA:118,43,0,31
BRDA:143,44,0,0
BRDA:143,44,1,5
BRDA:143,45,0,5
BRDA:143,45,1,5
BRDA:146,46,0,5
BRDA:156,47,0,2
BRDA:163,48,0,0
BRDA:176,49,0,0
BRDA:176,49,1,5
BRDA:176,50,0,5
BRDA:176,50,1,5
BRDA:195,51,0,0
BRDA:195,51,1,5
BRDA:195,52,0,5
BRDA:195,52,1,5
BRDA:238,53,0,0
BRDA:238,54,0,0
BRDA:238,54,1,0
BRDA:238,55,0,0
BRDA:238,55,1,0
BRDA:250,56,0,0
BRDA:250,57,0,0
BRDA:250,57,1,0
BRDA:250,58,0,0
BRDA:250,58,1,0
BRF:108
BRH:76
end_of_record
TN:
SF:src/hooks/useStateCallback.ts
FN:5,useStateCallback
FN:11,(anonymous_2)
FNF:2
FNH:0
FNDA:0,useStateCallback
FNDA:0,(anonymous_2)
DA:1,1
DA:5,1
DA:9,0
DA:11,0
DA:12,0
DA:15,0
LF:6
LH:2
BRF:0
BRH:0
end_of_record
TN:
SF:src/hooks/useValidation.ts
FN:6,useValidation
FN:12,(anonymous_10)
FN:15,(anonymous_11)
FN:18,(anonymous_12)
FN:20,(anonymous_13)
FN:29,(anonymous_14)
FNF:6
FNH:0
FNDA:0,useValidation
FNDA:0,(anonymous_10)
FNDA:0,(anonymous_11)
FNDA:0,(anonymous_12)
FNDA:0,(anonymous_13)
FNDA:0,(anonymous_14)
DA:1,1
DA:3,1
DA:4,1
DA:6,1
DA:10,0
DA:12,0
DA:13,0
DA:16,0
DA:19,0
DA:20,0
DA:21,0
DA:23,0
DA:25,0
DA:29,0
DA:30,0
DA:33,0
LF:16
LH:4
BRDA:13,0,0,0
BRDA:13,0,1,0
BRDA:13,1,0,0
BRDA:13,1,1,0
BRF:4
BRH:0
end_of_record
TN:
SF:src/utils/dot-prop.ts
FN:1,propToPath
FN:7,(anonymous_1)
FN:10,isPrimitive
FN:18,set
FN:25,setPropertyValue
FN:43,del
FN:46,deletePropertyValue
FN:69,get
FN:72,getPropertyValue
FN:88,merge
FNF:10
FNH:6
FNDA:128,propToPath
FNDA:234,(anonymous_1)
FNDA:0,isPrimitive
FNDA:56,set
FNDA:151,setPropertyValue
FNDA:0,del
FNDA:0,deletePropertyValue
FNDA:72,get
FNDA:139,getPropertyValue
FNDA:0,merge
DA:2,128
DA:7,234
DA:11,0
DA:18,2
DA:23,56
DA:25,151
DA:26,151
DA:28,151
DA:29,95
DA:30,0
DA:31,0
DA:33,95
DA:35,95
DA:37,56
DA:40,56
DA:43,2
DA:44,0
DA:47,0
DA:49,0
DA:50,0
DA:51,0
DA:52,0
DA:53,0
DA:54,0
DA:56,0
DA:57,0
DA:61,0
DA:63,0
DA:66,0
DA:69,2
DA:70,72
DA:72,139
DA:73,139
DA:74,139
DA:75,72
DA:76,0
DA:77,72
DA:78,10
DA:80,62
DA:82,67
DA:85,72
DA:88,2
DA:93,0
DA:94,0
DA:95,0
DA:98,0
DA:99,0
DA:100,0
DA:102,0
DA:103,0
DA:106,0
DA:108,0
LF:52
LH:25
BRDA:12,0,0,0
BRDA:12,0,1,0
BRDA:12,0,2,0
BRDA:25,1,0,0
BRDA:28,2,0,95
BRDA:29,3,0,0
BRDA:49,4,0,0
BRDA:50,5,0,0
BRDA:57,6,0,0
BRDA:57,6,1,0
BRDA:72,7,0,0
BRDA:74,8,0,72
BRDA:75,9,0,0
BRDA:75,9,1,72
BRDA:77,10,0,10
BRDA:94,11,0,0
BRDA:94,12,0,0
BRDA:94,12,1,0
BRDA:98,13,0,0
BRDA:99,14,0,0
BRF:20
BRH:4
end_of_record
TN:
SF:src/utils/index.ts
FN:4,(anonymous_6)
FN:6,(anonymous_7)
FN:8,debounce
FN:16,(anonymous_9)
FN:19,(anonymous_10)
FN:34,makeDotNotation
FN:38,getNextState
FN:43,validate
FN:49,(anonymous_14)
FN:52,(anonymous_15)
FN:53,(anonymous_16)
FNF:11
FNH:5
FNDA:0,(anonymous_6)
FNDA:15,(anonymous_7)
FNDA:70,debounce
FNDA:3,(anonymous_9)
FNDA:3,(anonymous_10)
FNDA:0,makeDotNotation
FNDA:17,getNextState
FNDA:0,validate
FNDA:0,(anonymous_14)
FNDA:0,(anonymous_15)
FNDA:0,(anonymous_16)
DA:2,2
DA:4,2
DA:6,15
DA:8,72
DA:16,70
DA:17,3
DA:19,3
DA:20,3
DA:21,3
DA:24,3
DA:25,3
DA:26,3
DA:28,3
DA:29,1
DA:34,2
DA:35,0
DA:38,2
DA:39,17
DA:40,17
DA:43,2
DA:47,0
DA:50,0
DA:53,0
DA:54,0
DA:55,0
LF:25
LH:19
BRDA:21,0,0,2
BRDA:24,1,0,3
BRDA:24,1,1,1
BRDA:28,2,0,1
BRDA:39,3,0,0
BRDA:39,3,1,17
BRDA:47,4,0,0
BRDA:47,4,1,0
BRDA:47,5,0,0
BRDA:47,5,1,0
BRF:10
BRH:5
end_of_record
